[11-Feb-2023 02:52:34 UTC] PHP Fatal error:  Uncaught Error: Cannot use object of type stdClass as array in /var/www/vhosts/novalsystems.com/httpdocs/stars/scrape_2.php:44
Stack trace:
#0 {main}
  thrown in /var/www/vhosts/novalsystems.com/httpdocs/stars/scrape_2.php on line 44
[11-Feb-2023 20:34:52 UTC] PHP Warning:  file_get_contents(): SSL operation failed with code 1. OpenSSL Error messages:
error:14090086:SSL routines:ssl3_get_server_certificate:certificate verify failed in /var/www/vhosts/novalsystems.com/httpdocs/stars/scrape_2.php on line 63
[11-Feb-2023 20:34:52 UTC] PHP Warning:  file_get_contents(): Failed to enable crypto in /var/www/vhosts/novalsystems.com/httpdocs/stars/scrape_2.php on line 63
[11-Feb-2023 20:34:52 UTC] PHP Warning:  file_get_contents(https://api.text2reach.com/sms/send?api_key=9056A029EB94FAE7A3E42C26B40D0243&amp;phone=37120324320&amp;from=Emils&amp;message=Jauns+sludin%C4%81jums%3A+Avotu+53%2F55+3+98+500++%E2%82%AC%2Fm%C4%93n.+https%3A%2F%2Fwww.ss.com%2F%2Fmsg%2Flv%2Freal-estate%2Fflats%2Friga%2Fcentre%2Faehol.html): Failed to open stream: operation failed in /var/www/vhosts/novalsystems.com/httpdocs/stars/scrape_2.php on line 63
[11-Feb-2023 20:34:52 UTC] PHP Warning:  file_get_contents(): SSL operation failed with code 1. OpenSSL Error messages:
error:14090086:SSL routines:ssl3_get_server_certificate:certificate verify failed in /var/www/vhosts/novalsystems.com/httpdocs/stars/scrape_2.php on line 63
[11-Feb-2023 20:34:52 UTC] PHP Warning:  file_get_contents(): Failed to enable crypto in /var/www/vhosts/novalsystems.com/httpdocs/stars/scrape_2.php on line 63
[11-Feb-2023 20:34:52 UTC] PHP Warning:  file_get_contents(https://api.text2reach.com/sms/send?api_key=9056A029EB94FAE7A3E42C26B40D0243&amp;phone=37120324320&amp;from=Emils&amp;message=Jauns+sludin%C4%81jums%3A+Dzirnavu+119+4+91+129%2C500++%E2%82%AC+https%3A%2F%2Fwww.ss.com%2F%2Fmsg%2Flv%2Freal-estate%2Fflats%2Friga%2Fcentre%2Fdnhgj.html): Failed to open stream: operation failed in /var/www/vhosts/novalsystems.com/httpdocs/stars/scrape_2.php on line 63
[11-Feb-2023 20:34:52 UTC] PHP Warning:  file_get_contents(): SSL operation failed with code 1. OpenSSL Error messages:
error:14090086:SSL routines:ssl3_get_server_certificate:certificate verify failed in /var/www/vhosts/novalsystems.com/httpdocs/stars/scrape_2.php on line 63
[11-Feb-2023 20:34:52 UTC] PHP Warning:  file_get_contents(): Failed to enable crypto in /var/www/vhosts/novalsystems.com/httpdocs/stars/scrape_2.php on line 63
[11-Feb-2023 20:34:52 UTC] PHP Warning:  file_get_contents(https://api.text2reach.com/sms/send?api_key=9056A029EB94FAE7A3E42C26B40D0243&amp;phone=37120324320&amp;from=Emils&amp;message=Jauns+sludin%C4%81jums%3A+Dzirnavu+62+5+132+247%2C000++%E2%82%AC+https%3A%2F%2Fwww.ss.com%2F%2Fmsg%2Flv%2Freal-estate%2Fflats%2Friga%2Fcentre%2Fccceb.html): Failed to open stream: operation failed in /var/www/vhosts/novalsystems.com/httpdocs/stars/scrape_2.php on line 63
[11-Feb-2023 20:34:52 UTC] PHP Warning:  file_get_contents(): SSL operation failed with code 1. OpenSSL Error messages:
error:14090086:SSL routines:ssl3_get_server_certificate:certificate verify failed in /var/www/vhosts/novalsystems.com/httpdocs/stars/scrape_2.php on line 63
[11-Feb-2023 20:34:52 UTC] PHP Warning:  file_get_contents(): Failed to enable crypto in /var/www/vhosts/novalsystems.com/httpdocs/stars/scrape_2.php on line 63
[11-Feb-2023 20:34:52 UTC] PHP Warning:  file_get_contents(https://api.text2reach.com/sms/send?api_key=9056A029EB94FAE7A3E42C26B40D0243&amp;phone=37120324320&amp;from=Emils&amp;message=Jauns+sludin%C4%81jums%3A+R%C5%ABpniec%C4%ABbas+27+2+43+690++%E2%82%AC%2Fm%C4%93n.+https%3A%2F%2Fwww.ss.com%2F%2Fmsg%2Flv%2Freal-estate%2Fflats%2Friga%2Fcentre%2Fadhle.html): Failed to open stream: operation failed in /var/www/vhosts/novalsystems.com/httpdocs/stars/scrape_2.php on line 63
[11-Feb-2023 20:34:52 UTC] PHP Warning:  file_get_contents(): SSL operation failed with code 1. OpenSSL Error messages:
error:14090086:SSL routines:ssl3_get_server_certificate:certificate verify failed in /var/www/vhosts/novalsystems.com/httpdocs/stars/scrape_2.php on line 63
[11-Feb-2023 20:34:52 UTC] PHP Warning:  file_get_contents(): Failed to enable crypto in /var/www/vhosts/novalsystems.com/httpdocs/stars/scrape_2.php on line 63
[11-Feb-2023 20:34:52 UTC] PHP Warning:  file_get_contents(https://api.text2reach.com/sms/send?api_key=9056A029EB94FAE7A3E42C26B40D0243&amp;phone=37120324320&amp;from=Emils&amp;message=Jauns+sludin%C4%81jums%3A+Mer%C4%B7e%C4%BCa+8+1+45+45++%E2%82%AC%2Fdien%C4%81+https%3A%2F%2Fwww.ss.com%2F%2Fmsg%2Flv%2Freal-estate%2Fflats%2Friga%2Fcentre%2Fekljx.html): Failed to open stream: operation failed in /var/www/vhosts/novalsystems.com/httpdocs/stars/scrape_2.php on line 63
[11-Feb-2023 20:34:52 UTC] PHP Warning:  file_get_contents(): SSL operation failed with code 1. OpenSSL Error messages:
error:14090086:SSL routines:ssl3_get_server_certificate:certificate verify failed in /var/www/vhosts/novalsystems.com/httpdocs/stars/scrape_2.php on line 63
[11-Feb-2023 20:34:52 UTC] PHP Warning:  file_get_contents(): Failed to enable crypto in /var/www/vhosts/novalsystems.com/httpdocs/stars/scrape_2.php on line 63
[11-Feb-2023 20:34:52 UTC] PHP Warning:  file_get_contents(https://api.text2reach.com/sms/send?api_key=9056A029EB94FAE7A3E42C26B40D0243&amp;phone=37120324320&amp;from=Emils&amp;message=Jauns+sludin%C4%81jums%3A+M%C4%93ness+7+2+37+36%2C000++%E2%82%AC+https%3A%2F%2Fwww.ss.com%2F%2Fmsg%2Flv%2Freal-estate%2Fflats%2Friga%2Fcentre%2Ffxklx.html): Failed to open stream: operation failed in /var/www/vhosts/novalsystems.com/httpdocs/stars/scrape_2.php on line 63
[11-Feb-2023 20:34:52 UTC] PHP Warning:  file_get_contents(): SSL operation failed with code 1. OpenSSL Error messages:
error:14090086:SSL routines:ssl3_get_server_certificate:certificate verify failed in /var/www/vhosts/novalsystems.com/httpdocs/stars/scrape_2.php on line 63
[11-Feb-2023 20:34:52 UTC] PHP Warning:  file_get_contents(): Failed to enable crypto in /var/www/vhosts/novalsystems.com/httpdocs/stars/scrape_2.php on line 63
[11-Feb-2023 20:34:52 UTC] PHP Warning:  file_get_contents(https://api.text2reach.com/sms/send?api_key=9056A029EB94FAE7A3E42C26B40D0243&amp;phone=37120324320&amp;from=Emils&amp;message=Jauns+sludin%C4%81jums%3A+Avotu+31+1+16+175++%E2%82%AC%2Fm%C4%93n.+https%3A%2F%2Fwww.ss.com%2F%2Fmsg%2Flv%2Freal-estate%2Fflats%2Friga%2Fcentre%2Fflknn.html): Failed to open stream: operation failed in /var/www/vhosts/novalsystems.com/httpdocs/stars/scrape_2.php on line 63
[11-Feb-2023 20:34:53 UTC] PHP Warning:  file_get_contents(): SSL operation failed with code 1. OpenSSL Error messages:
error:14090086:SSL routines:ssl3_get_server_certificate:certificate verify failed in /var/www/vhosts/novalsystems.com/httpdocs/stars/scrape_2.php on line 63
[11-Feb-2023 20:34:53 UTC] PHP Warning:  file_get_contents(): Failed to enable crypto in /var/www/vhosts/novalsystems.com/httpdocs/stars/scrape_2.php on line 63
[11-Feb-2023 20:34:53 UTC] PHP Warning:  file_get_contents(https://api.text2reach.com/sms/send?api_key=9056A029EB94FAE7A3E42C26B40D0243&amp;phone=37120324320&amp;from=Emils&amp;message=Jauns+sludin%C4%81jums%3A+Zir%C5%86u+3+1+36+268++%E2%82%AC%2Fm%C4%93n.+https%3A%2F%2Fwww.ss.com%2F%2Fmsg%2Flv%2Freal-estate%2Fflats%2Friga%2Fcentre%2Fdjepc.html): Failed to open stream: operation failed in /var/www/vhosts/novalsystems.com/httpdocs/stars/scrape_2.php on line 63
[11-Feb-2023 20:34:53 UTC] PHP Warning:  file_get_contents(): SSL operation failed with code 1. OpenSSL Error messages:
error:14090086:SSL routines:ssl3_get_server_certificate:certificate verify failed in /var/www/vhosts/novalsystems.com/httpdocs/stars/scrape_2.php on line 63
[11-Feb-2023 20:34:53 UTC] PHP Warning:  file_get_contents(): Failed to enable crypto in /var/www/vhosts/novalsystems.com/httpdocs/stars/scrape_2.php on line 63
[11-Feb-2023 20:34:53 UTC] PHP Warning:  file_get_contents(https://api.text2reach.com/sms/send?api_key=9056A029EB94FAE7A3E42C26B40D0243&amp;phone=37120324320&amp;from=Emils&amp;message=Jauns+sludin%C4%81jums%3A+Mat%C4%ABsa+32+1+38+350++%E2%82%AC%2Fm%C4%93n.+https%3A%2F%2Fwww.ss.com%2F%2Fmsg%2Flv%2Freal-estate%2Fflats%2Friga%2Fcentre%2Fahebc.html): Failed to open stream: operation failed in /var/www/vhosts/novalsystems.com/httpdocs/stars/scrape_2.php on line 63
[11-Feb-2023 20:34:53 UTC] PHP Warning:  file_get_contents(): SSL operation failed with code 1. OpenSSL Error messages:
error:14090086:SSL routines:ssl3_get_server_certificate:certificate verify failed in /var/www/vhosts/novalsystems.com/httpdocs/stars/scrape_2.php on line 63
[11-Feb-2023 20:34:53 UTC] PHP Warning:  file_get_contents(): Failed to enable crypto in /var/www/vhosts/novalsystems.com/httpdocs/stars/scrape_2.php on line 63
[11-Feb-2023 20:34:53 UTC] PHP Warning:  file_get_contents(https://api.text2reach.com/sms/send?api_key=9056A029EB94FAE7A3E42C26B40D0243&amp;phone=37120324320&amp;from=Emils&amp;message=Jauns+sludin%C4%81jums%3A+Stabu+104+3+61+50++%E2%82%AC%2Fdien%C4%81+https%3A%2F%2Fwww.ss.com%2F%2Fmsg%2Flv%2Freal-estate%2Fflats%2Friga%2Fcentre%2Ffbxxh.html): Failed to open stream: operation failed in /var/www/vhosts/novalsystems.com/httpdocs/stars/scrape_2.php on line 63
[11-Feb-2023 20:34:53 UTC] PHP Warning:  file_get_contents(): SSL operation failed with code 1. OpenSSL Error messages:
error:14090086:SSL routines:ssl3_get_server_certificate:certificate verify failed in /var/www/vhosts/novalsystems.com/httpdocs/stars/scrape_2.php on line 63
[11-Feb-2023 20:34:53 UTC] PHP Warning:  file_get_contents(): Failed to enable crypto in /var/www/vhosts/novalsystems.com/httpdocs/stars/scrape_2.php on line 63
[11-Feb-2023 20:34:53 UTC] PHP Warning:  file_get_contents(https://api.text2reach.com/sms/send?api_key=9056A029EB94FAE7A3E42C26B40D0243&amp;phone=37120324320&amp;from=Emils&amp;message=Jauns+sludin%C4%81jums%3A+R%C5%ABpniec%C4%ABbas+27+2+64+800++%E2%82%AC%2Fm%C4%93n.+https%3A%2F%2Fwww.ss.com%2F%2Fmsg%2Flv%2Freal-estate%2Fflats%2Friga%2Fcentre%2Fagngk.html): Failed to open stream: operation failed in /var/www/vhosts/novalsystems.com/httpdocs/stars/scrape_2.php on line 63
[11-Feb-2023 20:34:53 UTC] PHP Warning:  file_get_contents(): SSL operation failed with code 1. OpenSSL Error messages:
error:14090086:SSL routines:ssl3_get_server_certificate:certificate verify failed in /var/www/vhosts/novalsystems.com/httpdocs/stars/scrape_2.php on line 63
[11-Feb-2023 20:34:53 UTC] PHP Warning:  file_get_contents(): Failed to enable crypto in /var/www/vhosts/novalsystems.com/httpdocs/stars/scrape_2.php on line 63
[11-Feb-2023 20:34:53 UTC] PHP Warning:  file_get_contents(https://api.text2reach.com/sms/send?api_key=9056A029EB94FAE7A3E42C26B40D0243&amp;phone=37120324320&amp;from=Emils&amp;message=Jauns+sludin%C4%81jums%3A+Stabu+21+4+123+238%2C000++%E2%82%AC+https%3A%2F%2Fwww.ss.com%2F%2Fmsg%2Flv%2Freal-estate%2Fflats%2Friga%2Fcentre%2Fakixn.html): Failed to open stream: operation failed in /var/www/vhosts/novalsystems.com/httpdocs/stars/scrape_2.php on line 63
[11-Feb-2023 20:34:53 UTC] PHP Warning:  file_get_contents(): SSL operation failed with code 1. OpenSSL Error messages:
error:14090086:SSL routines:ssl3_get_server_certificate:certificate verify failed in /var/www/vhosts/novalsystems.com/httpdocs/stars/scrape_2.php on line 63
[11-Feb-2023 20:34:53 UTC] PHP Warning:  file_get_contents(): Failed to enable crypto in /var/www/vhosts/novalsystems.com/httpdocs/stars/scrape_2.php on line 63
[11-Feb-2023 20:34:53 UTC] PHP Warning:  file_get_contents(https://api.text2reach.com/sms/send?api_key=9056A029EB94FAE7A3E42C26B40D0243&amp;phone=37120324320&amp;from=Emils&amp;message=Jauns+sludin%C4%81jums%3A+Stabu+77+3+69+135%2C000++%E2%82%AC+https%3A%2F%2Fwww.ss.com%2F%2Fmsg%2Flv%2Freal-estate%2Fflats%2Friga%2Fcentre%2Faepde.html): Failed to open stream: operation failed in /var/www/vhosts/novalsystems.com/httpdocs/stars/scrape_2.php on line 63
[11-Feb-2023 20:34:53 UTC] PHP Warning:  file_get_contents(): SSL operation failed with code 1. OpenSSL Error messages:
error:14090086:SSL routines:ssl3_get_server_certificate:certificate verify failed in /var/www/vhosts/novalsystems.com/httpdocs/stars/scrape_2.php on line 63
[11-Feb-2023 20:34:53 UTC] PHP Warning:  file_get_contents(): Failed to enable crypto in /var/www/vhosts/novalsystems.com/httpdocs/stars/scrape_2.php on line 63
[11-Feb-2023 20:34:53 UTC] PHP Warning:  file_get_contents(https://api.text2reach.com/sms/send?api_key=9056A029EB94FAE7A3E42C26B40D0243&amp;phone=37120324320&amp;from=Emils&amp;message=Jauns+sludin%C4%81jums%3A+Br%C4%ABv%C4%ABbas+115+1+26+180++%E2%82%AC%2Fm%C4%93n.+https%3A%2F%2Fwww.ss.com%2F%2Fmsg%2Flv%2Freal-estate%2Fflats%2Friga%2Fcentre%2Fbhngj.html): Failed to open stream: operation failed in /var/www/vhosts/novalsystems.com/httpdocs/stars/scrape_2.php on line 63
[11-Feb-2023 20:34:53 UTC] PHP Warning:  file_get_contents(): SSL operation failed with code 1. OpenSSL Error messages:
error:14090086:SSL routines:ssl3_get_server_certificate:certificate verify failed in /var/www/vhosts/novalsystems.com/httpdocs/stars/scrape_2.php on line 63
[11-Feb-2023 20:34:53 UTC] PHP Warning:  file_get_contents(): Failed to enable crypto in /var/www/vhosts/novalsystems.com/httpdocs/stars/scrape_2.php on line 63
[11-Feb-2023 20:34:53 UTC] PHP Warning:  file_get_contents(https://api.text2reach.com/sms/send?api_key=9056A029EB94FAE7A3E42C26B40D0243&amp;phone=37120324320&amp;from=Emils&amp;message=Jauns+sludin%C4%81jums%3A+-+Citi+-+p%C4%93rku++https%3A%2F%2Fwww.ss.com%2F%2Fmsg%2Flv%2Freal-estate%2Fflats%2Friga%2Fcentre%2Fabpgx.html): Failed to open stream: operation failed in /var/www/vhosts/novalsystems.com/httpdocs/stars/scrape_2.php on line 63
[11-Feb-2023 20:34:53 UTC] PHP Warning:  file_get_contents(): SSL operation failed with code 1. OpenSSL Error messages:
error:14090086:SSL routines:ssl3_get_server_certificate:certificate verify failed in /var/www/vhosts/novalsystems.com/httpdocs/stars/scrape_2.php on line 63
[11-Feb-2023 20:34:53 UTC] PHP Warning:  file_get_contents(): Failed to enable crypto in /var/www/vhosts/novalsystems.com/httpdocs/stars/scrape_2.php on line 63
[11-Feb-2023 20:34:53 UTC] PHP Warning:  file_get_contents(https://api.text2reach.com/sms/send?api_key=9056A029EB94FAE7A3E42C26B40D0243&amp;phone=37120324320&amp;from=Emils&amp;message=Jauns+sludin%C4%81jums%3A+Elizabetes+21+2+50+210%2C000++%E2%82%AC+https%3A%2F%2Fwww.ss.com%2F%2Fmsg%2Flv%2Freal-estate%2Fflats%2Friga%2Fcentre%2Ffjxbd.html): Failed to open stream: operation failed in /var/www/vhosts/novalsystems.com/httpdocs/stars/scrape_2.php on line 63
[11-Feb-2023 20:34:53 UTC] PHP Warning:  file_get_contents(): SSL operation failed with code 1. OpenSSL Error messages:
error:14090086:SSL routines:ssl3_get_server_certificate:certificate verify failed in /var/www/vhosts/novalsystems.com/httpdocs/stars/scrape_2.php on line 63
[11-Feb-2023 20:34:53 UTC] PHP Warning:  file_get_contents(): Failed to enable crypto in /var/www/vhosts/novalsystems.com/httpdocs/stars/scrape_2.php on line 63
[11-Feb-2023 20:34:53 UTC] PHP Warning:  file_get_contents(https://api.text2reach.com/sms/send?api_key=9056A029EB94FAE7A3E42C26B40D0243&amp;phone=37120324320&amp;from=Emils&amp;message=Jauns+sludin%C4%81jums%3A+Stabu+2A+1+24+101%2C500++%E2%82%AC+https%3A%2F%2Fwww.ss.com%2F%2Fmsg%2Flv%2Freal-estate%2Fflats%2Friga%2Fcentre%2Fdlfjm.html): Failed to open stream: operation failed in /var/www/vhosts/novalsystems.com/httpdocs/stars/scrape_2.php on line 63
[11-Feb-2023 20:34:53 UTC] PHP Warning:  file_get_contents(): SSL operation failed with code 1. OpenSSL Error messages:
error:14090086:SSL routines:ssl3_get_server_certificate:certificate verify failed in /var/www/vhosts/novalsystems.com/httpdocs/stars/scrape_2.php on line 63
[11-Feb-2023 20:34:53 UTC] PHP Warning:  file_get_contents(): Failed to enable crypto in /var/www/vhosts/novalsystems.com/httpdocs/stars/scrape_2.php on line 63
[11-Feb-2023 20:34:53 UTC] PHP Warning:  file_get_contents(https://api.text2reach.com/sms/send?api_key=9056A029EB94FAE7A3E42C26B40D0243&amp;phone=37120324320&amp;from=Emils&amp;message=Jauns+sludin%C4%81jums%3A+%C4%A2ertr%C5%ABdes+110+1+25+37%2C000++%E2%82%AC+https%3A%2F%2Fwww.ss.com%2F%2Fmsg%2Flv%2Freal-estate%2Fflats%2Friga%2Fcentre%2Fflmfl.html): Failed to open stream: operation failed in /var/www/vhosts/novalsystems.com/httpdocs/stars/scrape_2.php on line 63
[11-Feb-2023 20:34:53 UTC] PHP Warning:  file_get_contents(): SSL operation failed with code 1. OpenSSL Error messages:
error:14090086:SSL routines:ssl3_get_server_certificate:certificate verify failed in /var/www/vhosts/novalsystems.com/httpdocs/stars/scrape_2.php on line 63
[11-Feb-2023 20:34:53 UTC] PHP Warning:  file_get_contents(): Failed to enable crypto in /var/www/vhosts/novalsystems.com/httpdocs/stars/scrape_2.php on line 63
[11-Feb-2023 20:34:53 UTC] PHP Warning:  file_get_contents(https://api.text2reach.com/sms/send?api_key=9056A029EB94FAE7A3E42C26B40D0243&amp;phone=37120324320&amp;from=Emils&amp;message=Jauns+sludin%C4%81jums%3A+Luga%C5%BEu+14A+2+60+450++%E2%82%AC%2Fm%C4%93n.+https%3A%2F%2Fwww.ss.com%2F%2Fmsg%2Flv%2Freal-estate%2Fflats%2Friga%2Fcentre%2Feofox.html): Failed to open stream: operation failed in /var/www/vhosts/novalsystems.com/httpdocs/stars/scrape_2.php on line 63
[11-Feb-2023 20:34:53 UTC] PHP Warning:  file_get_contents(): SSL operation failed with code 1. OpenSSL Error messages:
error:14090086:SSL routines:ssl3_get_server_certificate:certificate verify failed in /var/www/vhosts/novalsystems.com/httpdocs/stars/scrape_2.php on line 63
[11-Feb-2023 20:34:53 UTC] PHP Warning:  file_get_contents(): Failed to enable crypto in /var/www/vhosts/novalsystems.com/httpdocs/stars/scrape_2.php on line 63
[11-Feb-2023 20:34:53 UTC] PHP Warning:  file_get_contents(https://api.text2reach.com/sms/send?api_key=9056A029EB94FAE7A3E42C26B40D0243&amp;phone=37120324320&amp;from=Emils&amp;message=Jauns+sludin%C4%81jums%3A+Len%C4%8Du+2+3+78+168%2C000++%E2%82%AC+https%3A%2F%2Fwww.ss.com%2F%2Fmsg%2Flv%2Freal-estate%2Fflats%2Friga%2Fcentre%2Fhhccl.html): Failed to open stream: operation failed in /var/www/vhosts/novalsystems.com/httpdocs/stars/scrape_2.php on line 63
[11-Feb-2023 20:34:53 UTC] PHP Warning:  file_get_contents(): SSL operation failed with code 1. OpenSSL Error messages:
error:14090086:SSL routines:ssl3_get_server_certificate:certificate verify failed in /var/www/vhosts/novalsystems.com/httpdocs/stars/scrape_2.php on line 63
[11-Feb-2023 20:34:53 UTC] PHP Warning:  file_get_contents(): Failed to enable crypto in /var/www/vhosts/novalsystems.com/httpdocs/stars/scrape_2.php on line 63
[11-Feb-2023 20:34:53 UTC] PHP Warning:  file_get_contents(https://api.text2reach.com/sms/send?api_key=9056A029EB94FAE7A3E42C26B40D0243&amp;phone=37120324320&amp;from=Emils&amp;message=Jauns+sludin%C4%81jums%3A+%C4%8Caka+49+1+15+200++%E2%82%AC%2Fm%C4%93n.+https%3A%2F%2Fwww.ss.com%2F%2Fmsg%2Flv%2Freal-estate%2Fflats%2Friga%2Fcentre%2Faepdl.html): Failed to open stream: operation failed in /var/www/vhosts/novalsystems.com/httpdocs/stars/scrape_2.php on line 63
[11-Feb-2023 20:34:53 UTC] PHP Warning:  file_get_contents(): SSL operation failed with code 1. OpenSSL Error messages:
error:14090086:SSL routines:ssl3_get_server_certificate:certificate verify failed in /var/www/vhosts/novalsystems.com/httpdocs/stars/scrape_2.php on line 63
[11-Feb-2023 20:34:53 UTC] PHP Warning:  file_get_contents(): Failed to enable crypto in /var/www/vhosts/novalsystems.com/httpdocs/stars/scrape_2.php on line 63
[11-Feb-2023 20:34:53 UTC] PHP Warning:  file_get_contents(https://api.text2reach.com/sms/send?api_key=9056A029EB94FAE7A3E42C26B40D0243&amp;phone=37120324320&amp;from=Emils&amp;message=Jauns+sludin%C4%81jums%3A+-+Citi+-+p%C4%93rku++https%3A%2F%2Fwww.ss.com%2F%2Fmsg%2Flv%2Freal-estate%2Fflats%2Friga%2Fcentre%2Fanemc.html): Failed to open stream: operation failed in /var/www/vhosts/novalsystems.com/httpdocs/stars/scrape_2.php on line 63
[11-Feb-2023 20:34:53 UTC] PHP Warning:  file_get_contents(): SSL operation failed with code 1. OpenSSL Error messages:
error:14090086:SSL routines:ssl3_get_server_certificate:certificate verify failed in /var/www/vhosts/novalsystems.com/httpdocs/stars/scrape_2.php on line 63
[11-Feb-2023 20:34:53 UTC] PHP Warning:  file_get_contents(): Failed to enable crypto in /var/www/vhosts/novalsystems.com/httpdocs/stars/scrape_2.php on line 63
[11-Feb-2023 20:34:53 UTC] PHP Warning:  file_get_contents(https://api.text2reach.com/sms/send?api_key=9056A029EB94FAE7A3E42C26B40D0243&amp;phone=37120324320&amp;from=Emils&amp;message=Jauns+sludin%C4%81jums%3A+Artil%C4%93rijas+52+1+41+530++%E2%82%AC%2Fm%C4%93n.+https%3A%2F%2Fwww.ss.com%2F%2Fmsg%2Flv%2Freal-estate%2Fflats%2Friga%2Fcentre%2Fbkhek.html): Failed to open stream: operation failed in /var/www/vhosts/novalsystems.com/httpdocs/stars/scrape_2.php on line 63
[11-Feb-2023 20:34:53 UTC] PHP Warning:  file_get_contents(): SSL operation failed with code 1. OpenSSL Error messages:
error:14090086:SSL routines:ssl3_get_server_certificate:certificate verify failed in /var/www/vhosts/novalsystems.com/httpdocs/stars/scrape_2.php on line 63
[11-Feb-2023 20:34:53 UTC] PHP Warning:  file_get_contents(): Failed to enable crypto in /var/www/vhosts/novalsystems.com/httpdocs/stars/scrape_2.php on line 63
[11-Feb-2023 20:34:53 UTC] PHP Warning:  file_get_contents(https://api.text2reach.com/sms/send?api_key=9056A029EB94FAE7A3E42C26B40D0243&amp;phone=37120324320&amp;from=Emils&amp;message=Jauns+sludin%C4%81jums%3A+P%C4%93tersalas+9+2+45+30++%E2%82%AC%2Fdien%C4%81+https%3A%2F%2Fwww.ss.com%2F%2Fmsg%2Flv%2Freal-estate%2Fflats%2Friga%2Fcentre%2Felhno.html): Failed to open stream: operation failed in /var/www/vhosts/novalsystems.com/httpdocs/stars/scrape_2.php on line 63
[11-Feb-2023 20:34:53 UTC] PHP Warning:  file_get_contents(): SSL operation failed with code 1. OpenSSL Error messages:
error:14090086:SSL routines:ssl3_get_server_certificate:certificate verify failed in /var/www/vhosts/novalsystems.com/httpdocs/stars/scrape_2.php on line 63
[11-Feb-2023 20:34:53 UTC] PHP Warning:  file_get_contents(): Failed to enable crypto in /var/www/vhosts/novalsystems.com/httpdocs/stars/scrape_2.php on line 63
[11-Feb-2023 20:34:53 UTC] PHP Warning:  file_get_contents(https://api.text2reach.com/sms/send?api_key=9056A029EB94FAE7A3E42C26B40D0243&amp;phone=37120324320&amp;from=Emils&amp;message=Jauns+sludin%C4%81jums%3A+%C4%A2ertr%C5%ABdes+16+1+38+360++%E2%82%AC%2Fm%C4%93n.+https%3A%2F%2Fwww.ss.com%2F%2Fmsg%2Flv%2Freal-estate%2Fflats%2Friga%2Fcentre%2Fcpppp.html): Failed to open stream: operation failed in /var/www/vhosts/novalsystems.com/httpdocs/stars/scrape_2.php on line 63
[11-Feb-2023 20:34:53 UTC] PHP Warning:  file_get_contents(): SSL operation failed with code 1. OpenSSL Error messages:
error:14090086:SSL routines:ssl3_get_server_certificate:certificate verify failed in /var/www/vhosts/novalsystems.com/httpdocs/stars/scrape_2.php on line 63
[11-Feb-2023 20:34:53 UTC] PHP Warning:  file_get_contents(): Failed to enable crypto in /var/www/vhosts/novalsystems.com/httpdocs/stars/scrape_2.php on line 63
[11-Feb-2023 20:34:53 UTC] PHP Warning:  file_get_contents(https://api.text2reach.com/sms/send?api_key=9056A029EB94FAE7A3E42C26B40D0243&amp;phone=37120324320&amp;from=Emils&amp;message=Jauns+sludin%C4%81jums%3A+Lienes+27+1+24+24%2C700++%E2%82%AC+https%3A%2F%2Fwww.ss.com%2F%2Fmsg%2Flv%2Freal-estate%2Fflats%2Friga%2Fcentre%2Fehglm.html): Failed to open stream: operation failed in /var/www/vhosts/novalsystems.com/httpdocs/stars/scrape_2.php on line 63
[11-Feb-2023 20:34:53 UTC] PHP Warning:  file_get_contents(): SSL operation failed with code 1. OpenSSL Error messages:
error:14090086:SSL routines:ssl3_get_server_certificate:certificate verify failed in /var/www/vhosts/novalsystems.com/httpdocs/stars/scrape_2.php on line 63
[11-Feb-2023 20:34:53 UTC] PHP Warning:  file_get_contents(): Failed to enable crypto in /var/www/vhosts/novalsystems.com/httpdocs/stars/scrape_2.php on line 63
[11-Feb-2023 20:34:53 UTC] PHP Warning:  file_get_contents(https://api.text2reach.com/sms/send?api_key=9056A029EB94FAE7A3E42C26B40D0243&amp;phone=37120324320&amp;from=Emils&amp;message=Jauns+sludin%C4%81jums%3A+Avotu+52+1+20+250++%E2%82%AC%2Fm%C4%93n.+https%3A%2F%2Fwww.ss.com%2F%2Fmsg%2Flv%2Freal-estate%2Fflats%2Friga%2Fcentre%2Feppgx.html): Failed to open stream: operation failed in /var/www/vhosts/novalsystems.com/httpdocs/stars/scrape_2.php on line 63
[11-Feb-2023 20:34:53 UTC] PHP Warning:  file_get_contents(): SSL operation failed with code 1. OpenSSL Error messages:
error:14090086:SSL routines:ssl3_get_server_certificate:certificate verify failed in /var/www/vhosts/novalsystems.com/httpdocs/stars/scrape_2.php on line 63
[11-Feb-2023 20:34:53 UTC] PHP Warning:  file_get_contents(): Failed to enable crypto in /var/www/vhosts/novalsystems.com/httpdocs/stars/scrape_2.php on line 63
[11-Feb-2023 20:34:53 UTC] PHP Warning:  file_get_contents(https://api.text2reach.com/sms/send?api_key=9056A029EB94FAE7A3E42C26B40D0243&amp;phone=37120324320&amp;from=Emils&amp;message=Jauns+sludin%C4%81jums%3A+L%C4%81%C4%8Dpl%C4%93%C5%A1a+62+2+55+300++%E2%82%AC%2Fm%C4%93n.+https%3A%2F%2Fwww.ss.com%2F%2Fmsg%2Flv%2Freal-estate%2Fflats%2Friga%2Fcentre%2Fblkko.html): Failed to open stream: operation failed in /var/www/vhosts/novalsystems.com/httpdocs/stars/scrape_2.php on line 63
[11-Feb-2023 20:34:53 UTC] PHP Warning:  file_get_contents(): SSL operation failed with code 1. OpenSSL Error messages:
error:14090086:SSL routines:ssl3_get_server_certificate:certificate verify failed in /var/www/vhosts/novalsystems.com/httpdocs/stars/scrape_2.php on line 63
[11-Feb-2023 20:34:53 UTC] PHP Warning:  file_get_contents(): Failed to enable crypto in /var/www/vhosts/novalsystems.com/httpdocs/stars/scrape_2.php on line 63
[11-Feb-2023 20:34:53 UTC] PHP Warning:  file_get_contents(https://api.text2reach.com/sms/send?api_key=9056A029EB94FAE7A3E42C26B40D0243&amp;phone=37120324320&amp;from=Emils&amp;message=Jauns+sludin%C4%81jums%3A+Birznieka-Up%C4%AB%C5%A1a+23+4+98+18++%E2%82%AC%2Fdien%C4%81+https%3A%2F%2Fwww.ss.com%2F%2Fmsg%2Flv%2Freal-estate%2Fflats%2Friga%2Fcentre%2Fenmnf.html): Failed to open stream: operation failed in /var/www/vhosts/novalsystems.com/httpdocs/stars/scrape_2.php on line 63
[11-Feb-2023 20:39:51 UTC] PHP Warning:  file_get_contents(https:/api.text2reach.com/sms/send?api_key=9056A029EB94FAE7A3E42C26B40D0243&amp;phone=37120324320&amp;from=Emils&amp;message=Jauns+sludin%C4%81jums%3A+Stabu+86+1+29+25%2C500++%E2%82%AC+https%3A%2F%2Fwww.ss.com%2F%2Fmsg%2Flv%2Freal-estate%2Fflats%2Friga%2Fcentre%2Fadccn.html): Failed to open stream: No such file or directory in /var/www/vhosts/novalsystems.com/httpdocs/stars/scrape_2.php on line 62
[11-Feb-2023 20:39:51 UTC] PHP Warning:  file_get_contents(https:/api.text2reach.com/sms/send?api_key=9056A029EB94FAE7A3E42C26B40D0243&amp;phone=37120324320&amp;from=Emils&amp;message=Jauns+sludin%C4%81jums%3A+Avotu+53%2F55+3+98+500++%E2%82%AC%2Fm%C4%93n.+https%3A%2F%2Fwww.ss.com%2F%2Fmsg%2Flv%2Freal-estate%2Fflats%2Friga%2Fcentre%2Faehol.html): Failed to open stream: No such file or directory in /var/www/vhosts/novalsystems.com/httpdocs/stars/scrape_2.php on line 62
[11-Feb-2023 20:39:51 UTC] PHP Warning:  file_get_contents(https:/api.text2reach.com/sms/send?api_key=9056A029EB94FAE7A3E42C26B40D0243&amp;phone=37120324320&amp;from=Emils&amp;message=Jauns+sludin%C4%81jums%3A+Dzirnavu+119+4+91+129%2C500++%E2%82%AC+https%3A%2F%2Fwww.ss.com%2F%2Fmsg%2Flv%2Freal-estate%2Fflats%2Friga%2Fcentre%2Fdnhgj.html): Failed to open stream: No such file or directory in /var/www/vhosts/novalsystems.com/httpdocs/stars/scrape_2.php on line 62
[11-Feb-2023 20:39:51 UTC] PHP Warning:  file_get_contents(https:/api.text2reach.com/sms/send?api_key=9056A029EB94FAE7A3E42C26B40D0243&amp;phone=37120324320&amp;from=Emils&amp;message=Jauns+sludin%C4%81jums%3A+Dzirnavu+62+5+132+247%2C000++%E2%82%AC+https%3A%2F%2Fwww.ss.com%2F%2Fmsg%2Flv%2Freal-estate%2Fflats%2Friga%2Fcentre%2Fccceb.html): Failed to open stream: No such file or directory in /var/www/vhosts/novalsystems.com/httpdocs/stars/scrape_2.php on line 62
[11-Feb-2023 20:39:51 UTC] PHP Warning:  file_get_contents(https:/api.text2reach.com/sms/send?api_key=9056A029EB94FAE7A3E42C26B40D0243&amp;phone=37120324320&amp;from=Emils&amp;message=Jauns+sludin%C4%81jums%3A+R%C5%ABpniec%C4%ABbas+27+2+43+690++%E2%82%AC%2Fm%C4%93n.+https%3A%2F%2Fwww.ss.com%2F%2Fmsg%2Flv%2Freal-estate%2Fflats%2Friga%2Fcentre%2Fadhle.html): Failed to open stream: No such file or directory in /var/www/vhosts/novalsystems.com/httpdocs/stars/scrape_2.php on line 62
[11-Feb-2023 20:39:51 UTC] PHP Warning:  file_get_contents(https:/api.text2reach.com/sms/send?api_key=9056A029EB94FAE7A3E42C26B40D0243&amp;phone=37120324320&amp;from=Emils&amp;message=Jauns+sludin%C4%81jums%3A+Mer%C4%B7e%C4%BCa+8+1+45+45++%E2%82%AC%2Fdien%C4%81+https%3A%2F%2Fwww.ss.com%2F%2Fmsg%2Flv%2Freal-estate%2Fflats%2Friga%2Fcentre%2Fekljx.html): Failed to open stream: No such file or directory in /var/www/vhosts/novalsystems.com/httpdocs/stars/scrape_2.php on line 62
[11-Feb-2023 20:39:51 UTC] PHP Warning:  file_get_contents(https:/api.text2reach.com/sms/send?api_key=9056A029EB94FAE7A3E42C26B40D0243&amp;phone=37120324320&amp;from=Emils&amp;message=Jauns+sludin%C4%81jums%3A+M%C4%93ness+7+2+37+36%2C000++%E2%82%AC+https%3A%2F%2Fwww.ss.com%2F%2Fmsg%2Flv%2Freal-estate%2Fflats%2Friga%2Fcentre%2Ffxklx.html): Failed to open stream: No such file or directory in /var/www/vhosts/novalsystems.com/httpdocs/stars/scrape_2.php on line 62
[11-Feb-2023 20:39:51 UTC] PHP Warning:  file_get_contents(https:/api.text2reach.com/sms/send?api_key=9056A029EB94FAE7A3E42C26B40D0243&amp;phone=37120324320&amp;from=Emils&amp;message=Jauns+sludin%C4%81jums%3A+Avotu+31+1+16+175++%E2%82%AC%2Fm%C4%93n.+https%3A%2F%2Fwww.ss.com%2F%2Fmsg%2Flv%2Freal-estate%2Fflats%2Friga%2Fcentre%2Fflknn.html): Failed to open stream: No such file or directory in /var/www/vhosts/novalsystems.com/httpdocs/stars/scrape_2.php on line 62
[11-Feb-2023 20:39:51 UTC] PHP Warning:  file_get_contents(https:/api.text2reach.com/sms/send?api_key=9056A029EB94FAE7A3E42C26B40D0243&amp;phone=37120324320&amp;from=Emils&amp;message=Jauns+sludin%C4%81jums%3A+Zir%C5%86u+3+1+36+268++%E2%82%AC%2Fm%C4%93n.+https%3A%2F%2Fwww.ss.com%2F%2Fmsg%2Flv%2Freal-estate%2Fflats%2Friga%2Fcentre%2Fdjepc.html): Failed to open stream: No such file or directory in /var/www/vhosts/novalsystems.com/httpdocs/stars/scrape_2.php on line 62
[11-Feb-2023 20:39:51 UTC] PHP Warning:  file_get_contents(https:/api.text2reach.com/sms/send?api_key=9056A029EB94FAE7A3E42C26B40D0243&amp;phone=37120324320&amp;from=Emils&amp;message=Jauns+sludin%C4%81jums%3A+Mat%C4%ABsa+32+1+38+350++%E2%82%AC%2Fm%C4%93n.+https%3A%2F%2Fwww.ss.com%2F%2Fmsg%2Flv%2Freal-estate%2Fflats%2Friga%2Fcentre%2Fahebc.html): Failed to open stream: No such file or directory in /var/www/vhosts/novalsystems.com/httpdocs/stars/scrape_2.php on line 62
[11-Feb-2023 20:39:51 UTC] PHP Warning:  file_get_contents(https:/api.text2reach.com/sms/send?api_key=9056A029EB94FAE7A3E42C26B40D0243&amp;phone=37120324320&amp;from=Emils&amp;message=Jauns+sludin%C4%81jums%3A+Stabu+104+3+61+50++%E2%82%AC%2Fdien%C4%81+https%3A%2F%2Fwww.ss.com%2F%2Fmsg%2Flv%2Freal-estate%2Fflats%2Friga%2Fcentre%2Ffbxxh.html): Failed to open stream: No such file or directory in /var/www/vhosts/novalsystems.com/httpdocs/stars/scrape_2.php on line 62
[11-Feb-2023 20:39:51 UTC] PHP Warning:  file_get_contents(https:/api.text2reach.com/sms/send?api_key=9056A029EB94FAE7A3E42C26B40D0243&amp;phone=37120324320&amp;from=Emils&amp;message=Jauns+sludin%C4%81jums%3A+R%C5%ABpniec%C4%ABbas+27+2+64+800++%E2%82%AC%2Fm%C4%93n.+https%3A%2F%2Fwww.ss.com%2F%2Fmsg%2Flv%2Freal-estate%2Fflats%2Friga%2Fcentre%2Fagngk.html): Failed to open stream: No such file or directory in /var/www/vhosts/novalsystems.com/httpdocs/stars/scrape_2.php on line 62
[11-Feb-2023 20:39:51 UTC] PHP Warning:  file_get_contents(https:/api.text2reach.com/sms/send?api_key=9056A029EB94FAE7A3E42C26B40D0243&amp;phone=37120324320&amp;from=Emils&amp;message=Jauns+sludin%C4%81jums%3A+Stabu+21+4+123+238%2C000++%E2%82%AC+https%3A%2F%2Fwww.ss.com%2F%2Fmsg%2Flv%2Freal-estate%2Fflats%2Friga%2Fcentre%2Fakixn.html): Failed to open stream: No such file or directory in /var/www/vhosts/novalsystems.com/httpdocs/stars/scrape_2.php on line 62
[11-Feb-2023 20:39:51 UTC] PHP Warning:  file_get_contents(https:/api.text2reach.com/sms/send?api_key=9056A029EB94FAE7A3E42C26B40D0243&amp;phone=37120324320&amp;from=Emils&amp;message=Jauns+sludin%C4%81jums%3A+Stabu+77+3+69+135%2C000++%E2%82%AC+https%3A%2F%2Fwww.ss.com%2F%2Fmsg%2Flv%2Freal-estate%2Fflats%2Friga%2Fcentre%2Faepde.html): Failed to open stream: No such file or directory in /var/www/vhosts/novalsystems.com/httpdocs/stars/scrape_2.php on line 62
[11-Feb-2023 20:39:51 UTC] PHP Warning:  file_get_contents(https:/api.text2reach.com/sms/send?api_key=9056A029EB94FAE7A3E42C26B40D0243&amp;phone=37120324320&amp;from=Emils&amp;message=Jauns+sludin%C4%81jums%3A+Br%C4%ABv%C4%ABbas+115+1+26+180++%E2%82%AC%2Fm%C4%93n.+https%3A%2F%2Fwww.ss.com%2F%2Fmsg%2Flv%2Freal-estate%2Fflats%2Friga%2Fcentre%2Fbhngj.html): Failed to open stream: No such file or directory in /var/www/vhosts/novalsystems.com/httpdocs/stars/scrape_2.php on line 62
[11-Feb-2023 20:39:51 UTC] PHP Warning:  file_get_contents(https:/api.text2reach.com/sms/send?api_key=9056A029EB94FAE7A3E42C26B40D0243&amp;phone=37120324320&amp;from=Emils&amp;message=Jauns+sludin%C4%81jums%3A+-+Citi+-+p%C4%93rku++https%3A%2F%2Fwww.ss.com%2F%2Fmsg%2Flv%2Freal-estate%2Fflats%2Friga%2Fcentre%2Fabpgx.html): Failed to open stream: No such file or directory in /var/www/vhosts/novalsystems.com/httpdocs/stars/scrape_2.php on line 62
[11-Feb-2023 20:39:51 UTC] PHP Warning:  file_get_contents(https:/api.text2reach.com/sms/send?api_key=9056A029EB94FAE7A3E42C26B40D0243&amp;phone=37120324320&amp;from=Emils&amp;message=Jauns+sludin%C4%81jums%3A+Elizabetes+21+2+50+210%2C000++%E2%82%AC+https%3A%2F%2Fwww.ss.com%2F%2Fmsg%2Flv%2Freal-estate%2Fflats%2Friga%2Fcentre%2Ffjxbd.html): Failed to open stream: No such file or directory in /var/www/vhosts/novalsystems.com/httpdocs/stars/scrape_2.php on line 62
[11-Feb-2023 20:39:51 UTC] PHP Warning:  file_get_contents(https:/api.text2reach.com/sms/send?api_key=9056A029EB94FAE7A3E42C26B40D0243&amp;phone=37120324320&amp;from=Emils&amp;message=Jauns+sludin%C4%81jums%3A+Stabu+2A+1+24+101%2C500++%E2%82%AC+https%3A%2F%2Fwww.ss.com%2F%2Fmsg%2Flv%2Freal-estate%2Fflats%2Friga%2Fcentre%2Fdlfjm.html): Failed to open stream: No such file or directory in /var/www/vhosts/novalsystems.com/httpdocs/stars/scrape_2.php on line 62
[11-Feb-2023 20:39:51 UTC] PHP Warning:  file_get_contents(https:/api.text2reach.com/sms/send?api_key=9056A029EB94FAE7A3E42C26B40D0243&amp;phone=37120324320&amp;from=Emils&amp;message=Jauns+sludin%C4%81jums%3A+%C4%A2ertr%C5%ABdes+110+1+25+37%2C000++%E2%82%AC+https%3A%2F%2Fwww.ss.com%2F%2Fmsg%2Flv%2Freal-estate%2Fflats%2Friga%2Fcentre%2Fflmfl.html): Failed to open stream: No such file or directory in /var/www/vhosts/novalsystems.com/httpdocs/stars/scrape_2.php on line 62
[11-Feb-2023 20:39:51 UTC] PHP Warning:  file_get_contents(https:/api.text2reach.com/sms/send?api_key=9056A029EB94FAE7A3E42C26B40D0243&amp;phone=37120324320&amp;from=Emils&amp;message=Jauns+sludin%C4%81jums%3A+Luga%C5%BEu+14A+2+60+450++%E2%82%AC%2Fm%C4%93n.+https%3A%2F%2Fwww.ss.com%2F%2Fmsg%2Flv%2Freal-estate%2Fflats%2Friga%2Fcentre%2Feofox.html): Failed to open stream: No such file or directory in /var/www/vhosts/novalsystems.com/httpdocs/stars/scrape_2.php on line 62
[11-Feb-2023 20:39:51 UTC] PHP Warning:  file_get_contents(https:/api.text2reach.com/sms/send?api_key=9056A029EB94FAE7A3E42C26B40D0243&amp;phone=37120324320&amp;from=Emils&amp;message=Jauns+sludin%C4%81jums%3A+Len%C4%8Du+2+3+78+168%2C000++%E2%82%AC+https%3A%2F%2Fwww.ss.com%2F%2Fmsg%2Flv%2Freal-estate%2Fflats%2Friga%2Fcentre%2Fhhccl.html): Failed to open stream: No such file or directory in /var/www/vhosts/novalsystems.com/httpdocs/stars/scrape_2.php on line 62
[11-Feb-2023 20:39:51 UTC] PHP Warning:  file_get_contents(https:/api.text2reach.com/sms/send?api_key=9056A029EB94FAE7A3E42C26B40D0243&amp;phone=37120324320&amp;from=Emils&amp;message=Jauns+sludin%C4%81jums%3A+%C4%8Caka+49+1+15+200++%E2%82%AC%2Fm%C4%93n.+https%3A%2F%2Fwww.ss.com%2F%2Fmsg%2Flv%2Freal-estate%2Fflats%2Friga%2Fcentre%2Faepdl.html): Failed to open stream: No such file or directory in /var/www/vhosts/novalsystems.com/httpdocs/stars/scrape_2.php on line 62
[11-Feb-2023 20:39:51 UTC] PHP Warning:  file_get_contents(https:/api.text2reach.com/sms/send?api_key=9056A029EB94FAE7A3E42C26B40D0243&amp;phone=37120324320&amp;from=Emils&amp;message=Jauns+sludin%C4%81jums%3A+-+Citi+-+p%C4%93rku++https%3A%2F%2Fwww.ss.com%2F%2Fmsg%2Flv%2Freal-estate%2Fflats%2Friga%2Fcentre%2Fanemc.html): Failed to open stream: No such file or directory in /var/www/vhosts/novalsystems.com/httpdocs/stars/scrape_2.php on line 62
[11-Feb-2023 20:39:51 UTC] PHP Warning:  file_get_contents(https:/api.text2reach.com/sms/send?api_key=9056A029EB94FAE7A3E42C26B40D0243&amp;phone=37120324320&amp;from=Emils&amp;message=Jauns+sludin%C4%81jums%3A+Artil%C4%93rijas+52+1+41+530++%E2%82%AC%2Fm%C4%93n.+https%3A%2F%2Fwww.ss.com%2F%2Fmsg%2Flv%2Freal-estate%2Fflats%2Friga%2Fcentre%2Fbkhek.html): Failed to open stream: No such file or directory in /var/www/vhosts/novalsystems.com/httpdocs/stars/scrape_2.php on line 62
[11-Feb-2023 20:39:51 UTC] PHP Warning:  file_get_contents(https:/api.text2reach.com/sms/send?api_key=9056A029EB94FAE7A3E42C26B40D0243&amp;phone=37120324320&amp;from=Emils&amp;message=Jauns+sludin%C4%81jums%3A+P%C4%93tersalas+9+2+45+30++%E2%82%AC%2Fdien%C4%81+https%3A%2F%2Fwww.ss.com%2F%2Fmsg%2Flv%2Freal-estate%2Fflats%2Friga%2Fcentre%2Felhno.html): Failed to open stream: No such file or directory in /var/www/vhosts/novalsystems.com/httpdocs/stars/scrape_2.php on line 62
[11-Feb-2023 20:39:51 UTC] PHP Warning:  file_get_contents(https:/api.text2reach.com/sms/send?api_key=9056A029EB94FAE7A3E42C26B40D0243&amp;phone=37120324320&amp;from=Emils&amp;message=Jauns+sludin%C4%81jums%3A+%C4%A2ertr%C5%ABdes+16+1+38+360++%E2%82%AC%2Fm%C4%93n.+https%3A%2F%2Fwww.ss.com%2F%2Fmsg%2Flv%2Freal-estate%2Fflats%2Friga%2Fcentre%2Fcpppp.html): Failed to open stream: No such file or directory in /var/www/vhosts/novalsystems.com/httpdocs/stars/scrape_2.php on line 62
[11-Feb-2023 20:39:51 UTC] PHP Warning:  file_get_contents(https:/api.text2reach.com/sms/send?api_key=9056A029EB94FAE7A3E42C26B40D0243&amp;phone=37120324320&amp;from=Emils&amp;message=Jauns+sludin%C4%81jums%3A+Lienes+27+1+24+24%2C700++%E2%82%AC+https%3A%2F%2Fwww.ss.com%2F%2Fmsg%2Flv%2Freal-estate%2Fflats%2Friga%2Fcentre%2Fehglm.html): Failed to open stream: No such file or directory in /var/www/vhosts/novalsystems.com/httpdocs/stars/scrape_2.php on line 62
[11-Feb-2023 20:39:51 UTC] PHP Warning:  file_get_contents(https:/api.text2reach.com/sms/send?api_key=9056A029EB94FAE7A3E42C26B40D0243&amp;phone=37120324320&amp;from=Emils&amp;message=Jauns+sludin%C4%81jums%3A+Avotu+52+1+20+250++%E2%82%AC%2Fm%C4%93n.+https%3A%2F%2Fwww.ss.com%2F%2Fmsg%2Flv%2Freal-estate%2Fflats%2Friga%2Fcentre%2Feppgx.html): Failed to open stream: No such file or directory in /var/www/vhosts/novalsystems.com/httpdocs/stars/scrape_2.php on line 62
[11-Feb-2023 20:39:51 UTC] PHP Warning:  file_get_contents(https:/api.text2reach.com/sms/send?api_key=9056A029EB94FAE7A3E42C26B40D0243&amp;phone=37120324320&amp;from=Emils&amp;message=Jauns+sludin%C4%81jums%3A+L%C4%81%C4%8Dpl%C4%93%C5%A1a+62+2+55+300++%E2%82%AC%2Fm%C4%93n.+https%3A%2F%2Fwww.ss.com%2F%2Fmsg%2Flv%2Freal-estate%2Fflats%2Friga%2Fcentre%2Fblkko.html): Failed to open stream: No such file or directory in /var/www/vhosts/novalsystems.com/httpdocs/stars/scrape_2.php on line 62
[11-Feb-2023 20:39:55 UTC] PHP Warning:  file_get_contents(https:/api.text2reach.com/sms/send?api_key=9056A029EB94FAE7A3E42C26B40D0243&amp;phone=37120324320&amp;from=Emils&amp;message=Jauns+sludin%C4%81jums%3A+Stabu+86+1+29+25%2C500++%E2%82%AC+https%3A%2F%2Fwww.ss.com%2F%2Fmsg%2Flv%2Freal-estate%2Fflats%2Friga%2Fcentre%2Fadccn.html): Failed to open stream: No such file or directory in /var/www/vhosts/novalsystems.com/httpdocs/stars/scrape_2.php on line 62
[11-Feb-2023 20:39:55 UTC] PHP Warning:  file_get_contents(https:/api.text2reach.com/sms/send?api_key=9056A029EB94FAE7A3E42C26B40D0243&amp;phone=37120324320&amp;from=Emils&amp;message=Jauns+sludin%C4%81jums%3A+Avotu+53%2F55+3+98+500++%E2%82%AC%2Fm%C4%93n.+https%3A%2F%2Fwww.ss.com%2F%2Fmsg%2Flv%2Freal-estate%2Fflats%2Friga%2Fcentre%2Faehol.html): Failed to open stream: No such file or directory in /var/www/vhosts/novalsystems.com/httpdocs/stars/scrape_2.php on line 62
[11-Feb-2023 20:39:55 UTC] PHP Warning:  file_get_contents(https:/api.text2reach.com/sms/send?api_key=9056A029EB94FAE7A3E42C26B40D0243&amp;phone=37120324320&amp;from=Emils&amp;message=Jauns+sludin%C4%81jums%3A+Dzirnavu+119+4+91+129%2C500++%E2%82%AC+https%3A%2F%2Fwww.ss.com%2F%2Fmsg%2Flv%2Freal-estate%2Fflats%2Friga%2Fcentre%2Fdnhgj.html): Failed to open stream: No such file or directory in /var/www/vhosts/novalsystems.com/httpdocs/stars/scrape_2.php on line 62
[11-Feb-2023 20:39:55 UTC] PHP Warning:  file_get_contents(https:/api.text2reach.com/sms/send?api_key=9056A029EB94FAE7A3E42C26B40D0243&amp;phone=37120324320&amp;from=Emils&amp;message=Jauns+sludin%C4%81jums%3A+Dzirnavu+62+5+132+247%2C000++%E2%82%AC+https%3A%2F%2Fwww.ss.com%2F%2Fmsg%2Flv%2Freal-estate%2Fflats%2Friga%2Fcentre%2Fccceb.html): Failed to open stream: No such file or directory in /var/www/vhosts/novalsystems.com/httpdocs/stars/scrape_2.php on line 62
[11-Feb-2023 20:39:55 UTC] PHP Warning:  file_get_contents(https:/api.text2reach.com/sms/send?api_key=9056A029EB94FAE7A3E42C26B40D0243&amp;phone=37120324320&amp;from=Emils&amp;message=Jauns+sludin%C4%81jums%3A+R%C5%ABpniec%C4%ABbas+27+2+43+690++%E2%82%AC%2Fm%C4%93n.+https%3A%2F%2Fwww.ss.com%2F%2Fmsg%2Flv%2Freal-estate%2Fflats%2Friga%2Fcentre%2Fadhle.html): Failed to open stream: No such file or directory in /var/www/vhosts/novalsystems.com/httpdocs/stars/scrape_2.php on line 62
[11-Feb-2023 20:39:55 UTC] PHP Warning:  file_get_contents(https:/api.text2reach.com/sms/send?api_key=9056A029EB94FAE7A3E42C26B40D0243&amp;phone=37120324320&amp;from=Emils&amp;message=Jauns+sludin%C4%81jums%3A+Mer%C4%B7e%C4%BCa+8+1+45+45++%E2%82%AC%2Fdien%C4%81+https%3A%2F%2Fwww.ss.com%2F%2Fmsg%2Flv%2Freal-estate%2Fflats%2Friga%2Fcentre%2Fekljx.html): Failed to open stream: No such file or directory in /var/www/vhosts/novalsystems.com/httpdocs/stars/scrape_2.php on line 62
[11-Feb-2023 20:39:55 UTC] PHP Warning:  file_get_contents(https:/api.text2reach.com/sms/send?api_key=9056A029EB94FAE7A3E42C26B40D0243&amp;phone=37120324320&amp;from=Emils&amp;message=Jauns+sludin%C4%81jums%3A+M%C4%93ness+7+2+37+36%2C000++%E2%82%AC+https%3A%2F%2Fwww.ss.com%2F%2Fmsg%2Flv%2Freal-estate%2Fflats%2Friga%2Fcentre%2Ffxklx.html): Failed to open stream: No such file or directory in /var/www/vhosts/novalsystems.com/httpdocs/stars/scrape_2.php on line 62
[11-Feb-2023 20:39:55 UTC] PHP Warning:  file_get_contents(https:/api.text2reach.com/sms/send?api_key=9056A029EB94FAE7A3E42C26B40D0243&amp;phone=37120324320&amp;from=Emils&amp;message=Jauns+sludin%C4%81jums%3A+Avotu+31+1+16+175++%E2%82%AC%2Fm%C4%93n.+https%3A%2F%2Fwww.ss.com%2F%2Fmsg%2Flv%2Freal-estate%2Fflats%2Friga%2Fcentre%2Fflknn.html): Failed to open stream: No such file or directory in /var/www/vhosts/novalsystems.com/httpdocs/stars/scrape_2.php on line 62
[11-Feb-2023 20:39:55 UTC] PHP Warning:  file_get_contents(https:/api.text2reach.com/sms/send?api_key=9056A029EB94FAE7A3E42C26B40D0243&amp;phone=37120324320&amp;from=Emils&amp;message=Jauns+sludin%C4%81jums%3A+Zir%C5%86u+3+1+36+268++%E2%82%AC%2Fm%C4%93n.+https%3A%2F%2Fwww.ss.com%2F%2Fmsg%2Flv%2Freal-estate%2Fflats%2Friga%2Fcentre%2Fdjepc.html): Failed to open stream: No such file or directory in /var/www/vhosts/novalsystems.com/httpdocs/stars/scrape_2.php on line 62
[11-Feb-2023 20:39:55 UTC] PHP Warning:  file_get_contents(https:/api.text2reach.com/sms/send?api_key=9056A029EB94FAE7A3E42C26B40D0243&amp;phone=37120324320&amp;from=Emils&amp;message=Jauns+sludin%C4%81jums%3A+Mat%C4%ABsa+32+1+38+350++%E2%82%AC%2Fm%C4%93n.+https%3A%2F%2Fwww.ss.com%2F%2Fmsg%2Flv%2Freal-estate%2Fflats%2Friga%2Fcentre%2Fahebc.html): Failed to open stream: No such file or directory in /var/www/vhosts/novalsystems.com/httpdocs/stars/scrape_2.php on line 62
[11-Feb-2023 20:39:55 UTC] PHP Warning:  file_get_contents(https:/api.text2reach.com/sms/send?api_key=9056A029EB94FAE7A3E42C26B40D0243&amp;phone=37120324320&amp;from=Emils&amp;message=Jauns+sludin%C4%81jums%3A+Stabu+104+3+61+50++%E2%82%AC%2Fdien%C4%81+https%3A%2F%2Fwww.ss.com%2F%2Fmsg%2Flv%2Freal-estate%2Fflats%2Friga%2Fcentre%2Ffbxxh.html): Failed to open stream: No such file or directory in /var/www/vhosts/novalsystems.com/httpdocs/stars/scrape_2.php on line 62
[11-Feb-2023 20:39:55 UTC] PHP Warning:  file_get_contents(https:/api.text2reach.com/sms/send?api_key=9056A029EB94FAE7A3E42C26B40D0243&amp;phone=37120324320&amp;from=Emils&amp;message=Jauns+sludin%C4%81jums%3A+R%C5%ABpniec%C4%ABbas+27+2+64+800++%E2%82%AC%2Fm%C4%93n.+https%3A%2F%2Fwww.ss.com%2F%2Fmsg%2Flv%2Freal-estate%2Fflats%2Friga%2Fcentre%2Fagngk.html): Failed to open stream: No such file or directory in /var/www/vhosts/novalsystems.com/httpdocs/stars/scrape_2.php on line 62
[11-Feb-2023 20:39:55 UTC] PHP Warning:  file_get_contents(https:/api.text2reach.com/sms/send?api_key=9056A029EB94FAE7A3E42C26B40D0243&amp;phone=37120324320&amp;from=Emils&amp;message=Jauns+sludin%C4%81jums%3A+Stabu+21+4+123+238%2C000++%E2%82%AC+https%3A%2F%2Fwww.ss.com%2F%2Fmsg%2Flv%2Freal-estate%2Fflats%2Friga%2Fcentre%2Fakixn.html): Failed to open stream: No such file or directory in /var/www/vhosts/novalsystems.com/httpdocs/stars/scrape_2.php on line 62
[11-Feb-2023 20:39:55 UTC] PHP Warning:  file_get_contents(https:/api.text2reach.com/sms/send?api_key=9056A029EB94FAE7A3E42C26B40D0243&amp;phone=37120324320&amp;from=Emils&amp;message=Jauns+sludin%C4%81jums%3A+Stabu+77+3+69+135%2C000++%E2%82%AC+https%3A%2F%2Fwww.ss.com%2F%2Fmsg%2Flv%2Freal-estate%2Fflats%2Friga%2Fcentre%2Faepde.html): Failed to open stream: No such file or directory in /var/www/vhosts/novalsystems.com/httpdocs/stars/scrape_2.php on line 62
[11-Feb-2023 20:39:55 UTC] PHP Warning:  file_get_contents(https:/api.text2reach.com/sms/send?api_key=9056A029EB94FAE7A3E42C26B40D0243&amp;phone=37120324320&amp;from=Emils&amp;message=Jauns+sludin%C4%81jums%3A+Br%C4%ABv%C4%ABbas+115+1+26+180++%E2%82%AC%2Fm%C4%93n.+https%3A%2F%2Fwww.ss.com%2F%2Fmsg%2Flv%2Freal-estate%2Fflats%2Friga%2Fcentre%2Fbhngj.html): Failed to open stream: No such file or directory in /var/www/vhosts/novalsystems.com/httpdocs/stars/scrape_2.php on line 62
[11-Feb-2023 20:39:55 UTC] PHP Warning:  file_get_contents(https:/api.text2reach.com/sms/send?api_key=9056A029EB94FAE7A3E42C26B40D0243&amp;phone=37120324320&amp;from=Emils&amp;message=Jauns+sludin%C4%81jums%3A+-+Citi+-+p%C4%93rku++https%3A%2F%2Fwww.ss.com%2F%2Fmsg%2Flv%2Freal-estate%2Fflats%2Friga%2Fcentre%2Fabpgx.html): Failed to open stream: No such file or directory in /var/www/vhosts/novalsystems.com/httpdocs/stars/scrape_2.php on line 62
[11-Feb-2023 20:39:55 UTC] PHP Warning:  file_get_contents(https:/api.text2reach.com/sms/send?api_key=9056A029EB94FAE7A3E42C26B40D0243&amp;phone=37120324320&amp;from=Emils&amp;message=Jauns+sludin%C4%81jums%3A+Elizabetes+21+2+50+210%2C000++%E2%82%AC+https%3A%2F%2Fwww.ss.com%2F%2Fmsg%2Flv%2Freal-estate%2Fflats%2Friga%2Fcentre%2Ffjxbd.html): Failed to open stream: No such file or directory in /var/www/vhosts/novalsystems.com/httpdocs/stars/scrape_2.php on line 62
[11-Feb-2023 20:39:55 UTC] PHP Warning:  file_get_contents(https:/api.text2reach.com/sms/send?api_key=9056A029EB94FAE7A3E42C26B40D0243&amp;phone=37120324320&amp;from=Emils&amp;message=Jauns+sludin%C4%81jums%3A+Stabu+2A+1+24+101%2C500++%E2%82%AC+https%3A%2F%2Fwww.ss.com%2F%2Fmsg%2Flv%2Freal-estate%2Fflats%2Friga%2Fcentre%2Fdlfjm.html): Failed to open stream: No such file or directory in /var/www/vhosts/novalsystems.com/httpdocs/stars/scrape_2.php on line 62
[11-Feb-2023 20:39:55 UTC] PHP Warning:  file_get_contents(https:/api.text2reach.com/sms/send?api_key=9056A029EB94FAE7A3E42C26B40D0243&amp;phone=37120324320&amp;from=Emils&amp;message=Jauns+sludin%C4%81jums%3A+%C4%A2ertr%C5%ABdes+110+1+25+37%2C000++%E2%82%AC+https%3A%2F%2Fwww.ss.com%2F%2Fmsg%2Flv%2Freal-estate%2Fflats%2Friga%2Fcentre%2Fflmfl.html): Failed to open stream: No such file or directory in /var/www/vhosts/novalsystems.com/httpdocs/stars/scrape_2.php on line 62
[11-Feb-2023 20:39:55 UTC] PHP Warning:  file_get_contents(https:/api.text2reach.com/sms/send?api_key=9056A029EB94FAE7A3E42C26B40D0243&amp;phone=37120324320&amp;from=Emils&amp;message=Jauns+sludin%C4%81jums%3A+Luga%C5%BEu+14A+2+60+450++%E2%82%AC%2Fm%C4%93n.+https%3A%2F%2Fwww.ss.com%2F%2Fmsg%2Flv%2Freal-estate%2Fflats%2Friga%2Fcentre%2Feofox.html): Failed to open stream: No such file or directory in /var/www/vhosts/novalsystems.com/httpdocs/stars/scrape_2.php on line 62
[11-Feb-2023 20:39:55 UTC] PHP Warning:  file_get_contents(https:/api.text2reach.com/sms/send?api_key=9056A029EB94FAE7A3E42C26B40D0243&amp;phone=37120324320&amp;from=Emils&amp;message=Jauns+sludin%C4%81jums%3A+Len%C4%8Du+2+3+78+168%2C000++%E2%82%AC+https%3A%2F%2Fwww.ss.com%2F%2Fmsg%2Flv%2Freal-estate%2Fflats%2Friga%2Fcentre%2Fhhccl.html): Failed to open stream: No such file or directory in /var/www/vhosts/novalsystems.com/httpdocs/stars/scrape_2.php on line 62
[11-Feb-2023 20:39:55 UTC] PHP Warning:  file_get_contents(https:/api.text2reach.com/sms/send?api_key=9056A029EB94FAE7A3E42C26B40D0243&amp;phone=37120324320&amp;from=Emils&amp;message=Jauns+sludin%C4%81jums%3A+%C4%8Caka+49+1+15+200++%E2%82%AC%2Fm%C4%93n.+https%3A%2F%2Fwww.ss.com%2F%2Fmsg%2Flv%2Freal-estate%2Fflats%2Friga%2Fcentre%2Faepdl.html): Failed to open stream: No such file or directory in /var/www/vhosts/novalsystems.com/httpdocs/stars/scrape_2.php on line 62
[11-Feb-2023 20:39:55 UTC] PHP Warning:  file_get_contents(https:/api.text2reach.com/sms/send?api_key=9056A029EB94FAE7A3E42C26B40D0243&amp;phone=37120324320&amp;from=Emils&amp;message=Jauns+sludin%C4%81jums%3A+-+Citi+-+p%C4%93rku++https%3A%2F%2Fwww.ss.com%2F%2Fmsg%2Flv%2Freal-estate%2Fflats%2Friga%2Fcentre%2Fanemc.html): Failed to open stream: No such file or directory in /var/www/vhosts/novalsystems.com/httpdocs/stars/scrape_2.php on line 62
[11-Feb-2023 20:39:55 UTC] PHP Warning:  file_get_contents(https:/api.text2reach.com/sms/send?api_key=9056A029EB94FAE7A3E42C26B40D0243&amp;phone=37120324320&amp;from=Emils&amp;message=Jauns+sludin%C4%81jums%3A+Artil%C4%93rijas+52+1+41+530++%E2%82%AC%2Fm%C4%93n.+https%3A%2F%2Fwww.ss.com%2F%2Fmsg%2Flv%2Freal-estate%2Fflats%2Friga%2Fcentre%2Fbkhek.html): Failed to open stream: No such file or directory in /var/www/vhosts/novalsystems.com/httpdocs/stars/scrape_2.php on line 62
[11-Feb-2023 20:39:55 UTC] PHP Warning:  file_get_contents(https:/api.text2reach.com/sms/send?api_key=9056A029EB94FAE7A3E42C26B40D0243&amp;phone=37120324320&amp;from=Emils&amp;message=Jauns+sludin%C4%81jums%3A+P%C4%93tersalas+9+2+45+30++%E2%82%AC%2Fdien%C4%81+https%3A%2F%2Fwww.ss.com%2F%2Fmsg%2Flv%2Freal-estate%2Fflats%2Friga%2Fcentre%2Felhno.html): Failed to open stream: No such file or directory in /var/www/vhosts/novalsystems.com/httpdocs/stars/scrape_2.php on line 62
[11-Feb-2023 20:39:55 UTC] PHP Warning:  file_get_contents(https:/api.text2reach.com/sms/send?api_key=9056A029EB94FAE7A3E42C26B40D0243&amp;phone=37120324320&amp;from=Emils&amp;message=Jauns+sludin%C4%81jums%3A+%C4%A2ertr%C5%ABdes+16+1+38+360++%E2%82%AC%2Fm%C4%93n.+https%3A%2F%2Fwww.ss.com%2F%2Fmsg%2Flv%2Freal-estate%2Fflats%2Friga%2Fcentre%2Fcpppp.html): Failed to open stream: No such file or directory in /var/www/vhosts/novalsystems.com/httpdocs/stars/scrape_2.php on line 62
[11-Feb-2023 20:39:55 UTC] PHP Warning:  file_get_contents(https:/api.text2reach.com/sms/send?api_key=9056A029EB94FAE7A3E42C26B40D0243&amp;phone=37120324320&amp;from=Emils&amp;message=Jauns+sludin%C4%81jums%3A+Lienes+27+1+24+24%2C700++%E2%82%AC+https%3A%2F%2Fwww.ss.com%2F%2Fmsg%2Flv%2Freal-estate%2Fflats%2Friga%2Fcentre%2Fehglm.html): Failed to open stream: No such file or directory in /var/www/vhosts/novalsystems.com/httpdocs/stars/scrape_2.php on line 62
[11-Feb-2023 20:39:55 UTC] PHP Warning:  file_get_contents(https:/api.text2reach.com/sms/send?api_key=9056A029EB94FAE7A3E42C26B40D0243&amp;phone=37120324320&amp;from=Emils&amp;message=Jauns+sludin%C4%81jums%3A+Avotu+52+1+20+250++%E2%82%AC%2Fm%C4%93n.+https%3A%2F%2Fwww.ss.com%2F%2Fmsg%2Flv%2Freal-estate%2Fflats%2Friga%2Fcentre%2Feppgx.html): Failed to open stream: No such file or directory in /var/www/vhosts/novalsystems.com/httpdocs/stars/scrape_2.php on line 62
[11-Feb-2023 20:39:55 UTC] PHP Warning:  file_get_contents(https:/api.text2reach.com/sms/send?api_key=9056A029EB94FAE7A3E42C26B40D0243&amp;phone=37120324320&amp;from=Emils&amp;message=Jauns+sludin%C4%81jums%3A+L%C4%81%C4%8Dpl%C4%93%C5%A1a+62+2+55+300++%E2%82%AC%2Fm%C4%93n.+https%3A%2F%2Fwww.ss.com%2F%2Fmsg%2Flv%2Freal-estate%2Fflats%2Friga%2Fcentre%2Fblkko.html): Failed to open stream: No such file or directory in /var/www/vhosts/novalsystems.com/httpdocs/stars/scrape_2.php on line 62
[11-Feb-2023 20:42:14 UTC] PHP Warning:  file_get_contents(https:/api.text2reach.com/sms/send?api_key=9056A029EB94FAE7A3E42C26B40D0243&amp;phone=37120324320&amp;from=Emils&amp;message=hello): Failed to open stream: No such file or directory in /var/www/vhosts/novalsystems.com/httpdocs/stars/scrape_2.php on line 75
[11-Feb-2023 20:42:14 UTC] PHP Warning:  file_get_contents(https:/api.text2reach.com/sms/send?api_key=9056A029EB94FAE7A3E42C26B40D0243&amp;phone=37120324320&amp;from=Emils&amp;message=hello): Failed to open stream: No such file or directory in /var/www/vhosts/novalsystems.com/httpdocs/stars/scrape_2.php on line 75
[11-Feb-2023 20:42:16 UTC] PHP Warning:  file_get_contents(https:/api.text2reach.com/sms/send?api_key=9056A029EB94FAE7A3E42C26B40D0243&amp;phone=37120324320&amp;from=Emils&amp;message=hello): Failed to open stream: No such file or directory in /var/www/vhosts/novalsystems.com/httpdocs/stars/scrape_2.php on line 75
[11-Feb-2023 20:46:16 UTC] PHP Warning:  file_get_contents(): SSL operation failed with code 1. OpenSSL Error messages:
error:14090086:SSL routines:ssl3_get_server_certificate:certificate verify failed in /var/www/vhosts/novalsystems.com/httpdocs/stars/scrape_2.php on line 77
[11-Feb-2023 20:46:16 UTC] PHP Warning:  file_get_contents(): Failed to enable crypto in /var/www/vhosts/novalsystems.com/httpdocs/stars/scrape_2.php on line 77
[11-Feb-2023 20:46:16 UTC] PHP Warning:  file_get_contents(https://api.text2reach.com/sms/send?api_key=9056A029EB94FAE7A3E42C26B40D0243&amp;phone=37120324320&amp;from=SIA+Va+DEMO&amp;message=Hello+world): Failed to open stream: operation failed in /var/www/vhosts/novalsystems.com/httpdocs/stars/scrape_2.php on line 77
[11-Feb-2023 20:51:58 UTC] PHP Warning:  file_get_contents(): SSL operation failed with code 1. OpenSSL Error messages:
error:14090086:SSL routines:ssl3_get_server_certificate:certificate verify failed in /var/www/vhosts/novalsystems.com/httpdocs/stars/scrape_2.php on line 77
[11-Feb-2023 20:51:58 UTC] PHP Warning:  file_get_contents(): Failed to enable crypto in /var/www/vhosts/novalsystems.com/httpdocs/stars/scrape_2.php on line 77
[11-Feb-2023 20:51:58 UTC] PHP Warning:  file_get_contents(https://api.text2reach.com/sms/send?api_key=9056A029EB94FAE7A3E42C26B40D0243&amp;phone=37120324320&amp;from=SIA+Va+DEMO&amp;message=Hello+world): Failed to open stream: operation failed in /var/www/vhosts/novalsystems.com/httpdocs/stars/scrape_2.php on line 77
[11-Feb-2023 20:53:13 UTC] PHP Warning:  file_get_contents(): SSL operation failed with code 1. OpenSSL Error messages:
error:14090086:SSL routines:ssl3_get_server_certificate:certificate verify failed in /var/www/vhosts/novalsystems.com/httpdocs/stars/scrape_2.php on line 77
[11-Feb-2023 20:53:13 UTC] PHP Warning:  file_get_contents(): Failed to enable crypto in /var/www/vhosts/novalsystems.com/httpdocs/stars/scrape_2.php on line 77
[11-Feb-2023 20:53:13 UTC] PHP Warning:  file_get_contents(https://api.text2reach.com/sms/send?api_key=9056A029EB94FAE7A3E42C26B40D0243&amp;phone=37120324320&amp;from=SIA+Va+DEMO&amp;message=Hello+world): Failed to open stream: operation failed in /var/www/vhosts/novalsystems.com/httpdocs/stars/scrape_2.php on line 77
[11-Feb-2023 20:53:15 UTC] PHP Warning:  file_get_contents(): SSL operation failed with code 1. OpenSSL Error messages:
error:14090086:SSL routines:ssl3_get_server_certificate:certificate verify failed in /var/www/vhosts/novalsystems.com/httpdocs/stars/scrape_2.php on line 77
[11-Feb-2023 20:53:15 UTC] PHP Warning:  file_get_contents(): Failed to enable crypto in /var/www/vhosts/novalsystems.com/httpdocs/stars/scrape_2.php on line 77
[11-Feb-2023 20:53:15 UTC] PHP Warning:  file_get_contents(https://api.text2reach.com/sms/send?api_key=9056A029EB94FAE7A3E42C26B40D0243&amp;phone=37120324320&amp;from=SIA+Va+DEMO&amp;message=Hello+world): Failed to open stream: operation failed in /var/www/vhosts/novalsystems.com/httpdocs/stars/scrape_2.php on line 77
[11-Feb-2023 20:53:15 UTC] PHP Warning:  file_get_contents(): SSL operation failed with code 1. OpenSSL Error messages:
error:14090086:SSL routines:ssl3_get_server_certificate:certificate verify failed in /var/www/vhosts/novalsystems.com/httpdocs/stars/scrape_2.php on line 77
[11-Feb-2023 20:53:15 UTC] PHP Warning:  file_get_contents(): Failed to enable crypto in /var/www/vhosts/novalsystems.com/httpdocs/stars/scrape_2.php on line 77
[11-Feb-2023 20:53:15 UTC] PHP Warning:  file_get_contents(https://api.text2reach.com/sms/send?api_key=9056A029EB94FAE7A3E42C26B40D0243&amp;phone=37120324320&amp;from=SIA+Va+DEMO&amp;message=Hello+world): Failed to open stream: operation failed in /var/www/vhosts/novalsystems.com/httpdocs/stars/scrape_2.php on line 77
[11-Feb-2023 20:53:16 UTC] PHP Warning:  file_get_contents(): SSL operation failed with code 1. OpenSSL Error messages:
error:14090086:SSL routines:ssl3_get_server_certificate:certificate verify failed in /var/www/vhosts/novalsystems.com/httpdocs/stars/scrape_2.php on line 77
[11-Feb-2023 20:53:16 UTC] PHP Warning:  file_get_contents(): Failed to enable crypto in /var/www/vhosts/novalsystems.com/httpdocs/stars/scrape_2.php on line 77
[11-Feb-2023 20:53:16 UTC] PHP Warning:  file_get_contents(https://api.text2reach.com/sms/send?api_key=9056A029EB94FAE7A3E42C26B40D0243&amp;phone=37120324320&amp;from=SIA+Va+DEMO&amp;message=Hello+world): Failed to open stream: operation failed in /var/www/vhosts/novalsystems.com/httpdocs/stars/scrape_2.php on line 77
[11-Feb-2023 20:53:16 UTC] PHP Warning:  file_get_contents(): SSL operation failed with code 1. OpenSSL Error messages:
error:14090086:SSL routines:ssl3_get_server_certificate:certificate verify failed in /var/www/vhosts/novalsystems.com/httpdocs/stars/scrape_2.php on line 77
[11-Feb-2023 20:53:16 UTC] PHP Warning:  file_get_contents(): Failed to enable crypto in /var/www/vhosts/novalsystems.com/httpdocs/stars/scrape_2.php on line 77
[11-Feb-2023 20:53:16 UTC] PHP Warning:  file_get_contents(https://api.text2reach.com/sms/send?api_key=9056A029EB94FAE7A3E42C26B40D0243&amp;phone=37120324320&amp;from=SIA+Va+DEMO&amp;message=Hello+world): Failed to open stream: operation failed in /var/www/vhosts/novalsystems.com/httpdocs/stars/scrape_2.php on line 77
[11-Feb-2023 20:53:16 UTC] PHP Warning:  file_get_contents(): SSL operation failed with code 1. OpenSSL Error messages:
error:14090086:SSL routines:ssl3_get_server_certificate:certificate verify failed in /var/www/vhosts/novalsystems.com/httpdocs/stars/scrape_2.php on line 77
[11-Feb-2023 20:53:16 UTC] PHP Warning:  file_get_contents(): Failed to enable crypto in /var/www/vhosts/novalsystems.com/httpdocs/stars/scrape_2.php on line 77
[11-Feb-2023 20:53:16 UTC] PHP Warning:  file_get_contents(https://api.text2reach.com/sms/send?api_key=9056A029EB94FAE7A3E42C26B40D0243&amp;phone=37120324320&amp;from=SIA+Va+DEMO&amp;message=Hello+world): Failed to open stream: operation failed in /var/www/vhosts/novalsystems.com/httpdocs/stars/scrape_2.php on line 77
[11-Feb-2023 20:54:24 UTC] PHP Warning:  file_get_contents(): SSL operation failed with code 1. OpenSSL Error messages:
error:14090086:SSL routines:ssl3_get_server_certificate:certificate verify failed in /var/www/vhosts/novalsystems.com/httpdocs/stars/scrape_2.php on line 77
[11-Feb-2023 20:54:24 UTC] PHP Warning:  file_get_contents(): Failed to enable crypto in /var/www/vhosts/novalsystems.com/httpdocs/stars/scrape_2.php on line 77
[11-Feb-2023 20:54:24 UTC] PHP Warning:  file_get_contents(https://api.text2reach.com/sms/send?api_key=9056A029EB94FAE7A3E42C26B40D0243&amp;phone=37120324320&amp;from=SIA+Va+DEMO&amp;message=Hello+world): Failed to open stream: operation failed in /var/www/vhosts/novalsystems.com/httpdocs/stars/scrape_2.php on line 77
[11-Feb-2023 20:54:25 UTC] PHP Warning:  file_get_contents(): SSL operation failed with code 1. OpenSSL Error messages:
error:14090086:SSL routines:ssl3_get_server_certificate:certificate verify failed in /var/www/vhosts/novalsystems.com/httpdocs/stars/scrape_2.php on line 77
[11-Feb-2023 20:54:25 UTC] PHP Warning:  file_get_contents(): Failed to enable crypto in /var/www/vhosts/novalsystems.com/httpdocs/stars/scrape_2.php on line 77
[11-Feb-2023 20:54:25 UTC] PHP Warning:  file_get_contents(https://api.text2reach.com/sms/send?api_key=9056A029EB94FAE7A3E42C26B40D0243&amp;phone=37120324320&amp;from=SIA+Va+DEMO&amp;message=Hello+world): Failed to open stream: operation failed in /var/www/vhosts/novalsystems.com/httpdocs/stars/scrape_2.php on line 77
[11-Feb-2023 20:54:25 UTC] PHP Warning:  file_get_contents(): SSL operation failed with code 1. OpenSSL Error messages:
error:14090086:SSL routines:ssl3_get_server_certificate:certificate verify failed in /var/www/vhosts/novalsystems.com/httpdocs/stars/scrape_2.php on line 77
[11-Feb-2023 20:54:25 UTC] PHP Warning:  file_get_contents(): Failed to enable crypto in /var/www/vhosts/novalsystems.com/httpdocs/stars/scrape_2.php on line 77
[11-Feb-2023 20:54:25 UTC] PHP Warning:  file_get_contents(https://api.text2reach.com/sms/send?api_key=9056A029EB94FAE7A3E42C26B40D0243&amp;phone=37120324320&amp;from=SIA+Va+DEMO&amp;message=Hello+world): Failed to open stream: operation failed in /var/www/vhosts/novalsystems.com/httpdocs/stars/scrape_2.php on line 77
[11-Feb-2023 20:54:26 UTC] PHP Warning:  file_get_contents(): SSL operation failed with code 1. OpenSSL Error messages:
error:14090086:SSL routines:ssl3_get_server_certificate:certificate verify failed in /var/www/vhosts/novalsystems.com/httpdocs/stars/scrape_2.php on line 77
[11-Feb-2023 20:54:26 UTC] PHP Warning:  file_get_contents(): Failed to enable crypto in /var/www/vhosts/novalsystems.com/httpdocs/stars/scrape_2.php on line 77
[11-Feb-2023 20:54:26 UTC] PHP Warning:  file_get_contents(https://api.text2reach.com/sms/send?api_key=9056A029EB94FAE7A3E42C26B40D0243&amp;phone=37120324320&amp;from=SIA+Va+DEMO&amp;message=Hello+world): Failed to open stream: operation failed in /var/www/vhosts/novalsystems.com/httpdocs/stars/scrape_2.php on line 77
[11-Feb-2023 20:54:26 UTC] PHP Warning:  file_get_contents(): SSL operation failed with code 1. OpenSSL Error messages:
error:14090086:SSL routines:ssl3_get_server_certificate:certificate verify failed in /var/www/vhosts/novalsystems.com/httpdocs/stars/scrape_2.php on line 77
[11-Feb-2023 20:54:26 UTC] PHP Warning:  file_get_contents(): Failed to enable crypto in /var/www/vhosts/novalsystems.com/httpdocs/stars/scrape_2.php on line 77
[11-Feb-2023 20:54:26 UTC] PHP Warning:  file_get_contents(https://api.text2reach.com/sms/send?api_key=9056A029EB94FAE7A3E42C26B40D0243&amp;phone=37120324320&amp;from=SIA+Va+DEMO&amp;message=Hello+world): Failed to open stream: operation failed in /var/www/vhosts/novalsystems.com/httpdocs/stars/scrape_2.php on line 77
[11-Feb-2023 20:54:26 UTC] PHP Warning:  file_get_contents(): SSL operation failed with code 1. OpenSSL Error messages:
error:14090086:SSL routines:ssl3_get_server_certificate:certificate verify failed in /var/www/vhosts/novalsystems.com/httpdocs/stars/scrape_2.php on line 77
[11-Feb-2023 20:54:26 UTC] PHP Warning:  file_get_contents(): Failed to enable crypto in /var/www/vhosts/novalsystems.com/httpdocs/stars/scrape_2.php on line 77
[11-Feb-2023 20:54:26 UTC] PHP Warning:  file_get_contents(https://api.text2reach.com/sms/send?api_key=9056A029EB94FAE7A3E42C26B40D0243&amp;phone=37120324320&amp;from=SIA+Va+DEMO&amp;message=Hello+world): Failed to open stream: operation failed in /var/www/vhosts/novalsystems.com/httpdocs/stars/scrape_2.php on line 77
[11-Feb-2023 20:54:30 UTC] PHP Warning:  file_get_contents(): SSL operation failed with code 1. OpenSSL Error messages:
error:14090086:SSL routines:ssl3_get_server_certificate:certificate verify failed in /var/www/vhosts/novalsystems.com/httpdocs/stars/scrape_2.php on line 77
[11-Feb-2023 20:54:30 UTC] PHP Warning:  file_get_contents(): Failed to enable crypto in /var/www/vhosts/novalsystems.com/httpdocs/stars/scrape_2.php on line 77
[11-Feb-2023 20:54:30 UTC] PHP Warning:  file_get_contents(https://api.text2reach.com/sms/send?api_key=9056A029EB94FAE7A3E42C26B40D0243&amp;phone=37120324320&amp;from=SIA+Va+DEMO&amp;message=Hello+world): Failed to open stream: operation failed in /var/www/vhosts/novalsystems.com/httpdocs/stars/scrape_2.php on line 77
[11-Feb-2023 20:54:31 UTC] PHP Warning:  file_get_contents(): SSL operation failed with code 1. OpenSSL Error messages:
error:14090086:SSL routines:ssl3_get_server_certificate:certificate verify failed in /var/www/vhosts/novalsystems.com/httpdocs/stars/scrape_2.php on line 77
[11-Feb-2023 20:54:31 UTC] PHP Warning:  file_get_contents(): Failed to enable crypto in /var/www/vhosts/novalsystems.com/httpdocs/stars/scrape_2.php on line 77
[11-Feb-2023 20:54:31 UTC] PHP Warning:  file_get_contents(https://api.text2reach.com/sms/send?api_key=9056A029EB94FAE7A3E42C26B40D0243&amp;phone=37120324320&amp;from=SIA+Va+DEMO&amp;message=Hello+world): Failed to open stream: operation failed in /var/www/vhosts/novalsystems.com/httpdocs/stars/scrape_2.php on line 77
[11-Feb-2023 20:54:31 UTC] PHP Warning:  file_get_contents(): SSL operation failed with code 1. OpenSSL Error messages:
error:14090086:SSL routines:ssl3_get_server_certificate:certificate verify failed in /var/www/vhosts/novalsystems.com/httpdocs/stars/scrape_2.php on line 77
[11-Feb-2023 20:54:31 UTC] PHP Warning:  file_get_contents(): Failed to enable crypto in /var/www/vhosts/novalsystems.com/httpdocs/stars/scrape_2.php on line 77
[11-Feb-2023 20:54:31 UTC] PHP Warning:  file_get_contents(https://api.text2reach.com/sms/send?api_key=9056A029EB94FAE7A3E42C26B40D0243&amp;phone=37120324320&amp;from=SIA+Va+DEMO&amp;message=Hello+world): Failed to open stream: operation failed in /var/www/vhosts/novalsystems.com/httpdocs/stars/scrape_2.php on line 77
[11-Feb-2023 20:54:31 UTC] PHP Warning:  file_get_contents(): SSL operation failed with code 1. OpenSSL Error messages:
error:14090086:SSL routines:ssl3_get_server_certificate:certificate verify failed in /var/www/vhosts/novalsystems.com/httpdocs/stars/scrape_2.php on line 77
[11-Feb-2023 20:54:31 UTC] PHP Warning:  file_get_contents(): Failed to enable crypto in /var/www/vhosts/novalsystems.com/httpdocs/stars/scrape_2.php on line 77
[11-Feb-2023 20:54:31 UTC] PHP Warning:  file_get_contents(https://api.text2reach.com/sms/send?api_key=9056A029EB94FAE7A3E42C26B40D0243&amp;phone=37120324320&amp;from=SIA+Va+DEMO&amp;message=Hello+world): Failed to open stream: operation failed in /var/www/vhosts/novalsystems.com/httpdocs/stars/scrape_2.php on line 77
[11-Feb-2023 20:54:31 UTC] PHP Warning:  file_get_contents(): SSL operation failed with code 1. OpenSSL Error messages:
error:14090086:SSL routines:ssl3_get_server_certificate:certificate verify failed in /var/www/vhosts/novalsystems.com/httpdocs/stars/scrape_2.php on line 77
[11-Feb-2023 20:54:31 UTC] PHP Warning:  file_get_contents(): Failed to enable crypto in /var/www/vhosts/novalsystems.com/httpdocs/stars/scrape_2.php on line 77
[11-Feb-2023 20:54:31 UTC] PHP Warning:  file_get_contents(https://api.text2reach.com/sms/send?api_key=9056A029EB94FAE7A3E42C26B40D0243&amp;phone=37120324320&amp;from=SIA+Va+DEMO&amp;message=Hello+world): Failed to open stream: operation failed in /var/www/vhosts/novalsystems.com/httpdocs/stars/scrape_2.php on line 77
[11-Feb-2023 20:54:32 UTC] PHP Warning:  file_get_contents(): SSL operation failed with code 1. OpenSSL Error messages:
error:14090086:SSL routines:ssl3_get_server_certificate:certificate verify failed in /var/www/vhosts/novalsystems.com/httpdocs/stars/scrape_2.php on line 77
[11-Feb-2023 20:54:32 UTC] PHP Warning:  file_get_contents(): Failed to enable crypto in /var/www/vhosts/novalsystems.com/httpdocs/stars/scrape_2.php on line 77
[11-Feb-2023 20:54:32 UTC] PHP Warning:  file_get_contents(https://api.text2reach.com/sms/send?api_key=9056A029EB94FAE7A3E42C26B40D0243&amp;phone=37120324320&amp;from=SIA+Va+DEMO&amp;message=Hello+world): Failed to open stream: operation failed in /var/www/vhosts/novalsystems.com/httpdocs/stars/scrape_2.php on line 77
[11-Feb-2023 20:59:26 UTC] PHP Warning:  file_get_contents(): SSL operation failed with code 1. OpenSSL Error messages:
error:14090086:SSL routines:ssl3_get_server_certificate:certificate verify failed in /var/www/vhosts/novalsystems.com/httpdocs/stars/scrape_2.php on line 78
[11-Feb-2023 20:59:26 UTC] PHP Warning:  file_get_contents(): Failed to enable crypto in /var/www/vhosts/novalsystems.com/httpdocs/stars/scrape_2.php on line 78
[11-Feb-2023 20:59:26 UTC] PHP Warning:  file_get_contents(https://api.text2reach.com/sms/prices?api_key=9056A029EB94FAE7A3E42C26B40D0243): Failed to open stream: operation failed in /var/www/vhosts/novalsystems.com/httpdocs/stars/scrape_2.php on line 78
[11-Feb-2023 20:59:29 UTC] PHP Warning:  file_get_contents(): SSL operation failed with code 1. OpenSSL Error messages:
error:14090086:SSL routines:ssl3_get_server_certificate:certificate verify failed in /var/www/vhosts/novalsystems.com/httpdocs/stars/scrape_2.php on line 78
[11-Feb-2023 20:59:29 UTC] PHP Warning:  file_get_contents(): Failed to enable crypto in /var/www/vhosts/novalsystems.com/httpdocs/stars/scrape_2.php on line 78
[11-Feb-2023 20:59:29 UTC] PHP Warning:  file_get_contents(https://api.text2reach.com/sms/prices?api_key=9056A029EB94FAE7A3E42C26B40D0243): Failed to open stream: operation failed in /var/www/vhosts/novalsystems.com/httpdocs/stars/scrape_2.php on line 78
[11-Feb-2023 21:02:31 UTC] PHP Warning:  file_get_contents(): SSL operation failed with code 1. OpenSSL Error messages:
error:14090086:SSL routines:ssl3_get_server_certificate:certificate verify failed in /var/www/vhosts/novalsystems.com/httpdocs/stars/scrape_2.php on line 11
[11-Feb-2023 21:02:31 UTC] PHP Warning:  file_get_contents(): Failed to enable crypto in /var/www/vhosts/novalsystems.com/httpdocs/stars/scrape_2.php on line 11
[11-Feb-2023 21:02:31 UTC] PHP Warning:  file_get_contents(https://api.text2reach.com/sms/prices?api_key=9056A029EB94FAE7A3E42C26B40D0243): Failed to open stream: operation failed in /var/www/vhosts/novalsystems.com/httpdocs/stars/scrape_2.php on line 11
[11-Feb-2023 21:02:34 UTC] PHP Warning:  file_get_contents(): SSL operation failed with code 1. OpenSSL Error messages:
error:14090086:SSL routines:ssl3_get_server_certificate:certificate verify failed in /var/www/vhosts/novalsystems.com/httpdocs/stars/scrape_2.php on line 11
[11-Feb-2023 21:02:34 UTC] PHP Warning:  file_get_contents(): Failed to enable crypto in /var/www/vhosts/novalsystems.com/httpdocs/stars/scrape_2.php on line 11
[11-Feb-2023 21:02:34 UTC] PHP Warning:  file_get_contents(https://api.text2reach.com/sms/prices?api_key=9056A029EB94FAE7A3E42C26B40D0243): Failed to open stream: operation failed in /var/www/vhosts/novalsystems.com/httpdocs/stars/scrape_2.php on line 11
[11-Feb-2023 21:02:52 UTC] PHP Warning:  file_get_contents(): SSL operation failed with code 1. OpenSSL Error messages:
error:14090086:SSL routines:ssl3_get_server_certificate:certificate verify failed in /var/www/vhosts/novalsystems.com/httpdocs/stars/scrape_2.php on line 11
[11-Feb-2023 21:02:52 UTC] PHP Warning:  file_get_contents(): Failed to enable crypto in /var/www/vhosts/novalsystems.com/httpdocs/stars/scrape_2.php on line 11
[11-Feb-2023 21:02:52 UTC] PHP Warning:  file_get_contents(https://api.text2reach.com/sms/prices?api_key=9056A029EB94FAE7A3E42C26B40D0243): Failed to open stream: operation failed in /var/www/vhosts/novalsystems.com/httpdocs/stars/scrape_2.php on line 11
[11-Feb-2023 21:02:57 UTC] PHP Warning:  file_get_contents(): SSL operation failed with code 1. OpenSSL Error messages:
error:14090086:SSL routines:ssl3_get_server_certificate:certificate verify failed in /var/www/vhosts/novalsystems.com/httpdocs/stars/scrape_2.php on line 11
[11-Feb-2023 21:02:57 UTC] PHP Warning:  file_get_contents(): Failed to enable crypto in /var/www/vhosts/novalsystems.com/httpdocs/stars/scrape_2.php on line 11
[11-Feb-2023 21:02:57 UTC] PHP Warning:  file_get_contents(https://api.text2reach.com/sms/prices?api_key=9056A029EB94FAE7A3E42C26B40D0243): Failed to open stream: operation failed in /var/www/vhosts/novalsystems.com/httpdocs/stars/scrape_2.php on line 11
[11-Feb-2023 21:03:31 UTC] PHP Warning:  file_get_contents(): SSL operation failed with code 1. OpenSSL Error messages:
error:14090086:SSL routines:ssl3_get_server_certificate:certificate verify failed in /var/www/vhosts/novalsystems.com/httpdocs/stars/scrape_2.php on line 11
[11-Feb-2023 21:03:31 UTC] PHP Warning:  file_get_contents(): Failed to enable crypto in /var/www/vhosts/novalsystems.com/httpdocs/stars/scrape_2.php on line 11
[11-Feb-2023 21:03:31 UTC] PHP Warning:  file_get_contents(https://api.text2reach.com/sms/prices?api_key=9056A029EB94FAE7A3E42C26B40D0243): Failed to open stream: operation failed in /var/www/vhosts/novalsystems.com/httpdocs/stars/scrape_2.php on line 11
[11-Feb-2023 21:04:00 UTC] PHP Warning:  file_get_contents(): SSL operation failed with code 1. OpenSSL Error messages:
error:14090086:SSL routines:ssl3_get_server_certificate:certificate verify failed in /var/www/vhosts/novalsystems.com/httpdocs/stars/scrape_2.php on line 11
[11-Feb-2023 21:04:00 UTC] PHP Warning:  file_get_contents(): Failed to enable crypto in /var/www/vhosts/novalsystems.com/httpdocs/stars/scrape_2.php on line 11
[11-Feb-2023 21:04:00 UTC] PHP Warning:  file_get_contents(https://api.text2reach.com/sms/prices?api_key=9056A029EB94FAE7A3E42C26B40D0243): Failed to open stream: operation failed in /var/www/vhosts/novalsystems.com/httpdocs/stars/scrape_2.php on line 11
[11-Feb-2023 21:04:21 UTC] PHP Warning:  file_get_contents(): SSL operation failed with code 1. OpenSSL Error messages:
error:14090086:SSL routines:ssl3_get_server_certificate:certificate verify failed in /var/www/vhosts/novalsystems.com/httpdocs/stars/scrape_2.php on line 11
[11-Feb-2023 21:04:21 UTC] PHP Warning:  file_get_contents(): Failed to enable crypto in /var/www/vhosts/novalsystems.com/httpdocs/stars/scrape_2.php on line 11
[11-Feb-2023 21:04:21 UTC] PHP Warning:  file_get_contents(https://api.text2reach.com/sms/prices?api_key=9056A029EB94FAE7A3E42C26B40D0243): Failed to open stream: operation failed in /var/www/vhosts/novalsystems.com/httpdocs/stars/scrape_2.php on line 11
[11-Feb-2023 21:04:23 UTC] PHP Warning:  file_get_contents(): SSL operation failed with code 1. OpenSSL Error messages:
error:14090086:SSL routines:ssl3_get_server_certificate:certificate verify failed in /var/www/vhosts/novalsystems.com/httpdocs/stars/scrape_2.php on line 11
[11-Feb-2023 21:04:23 UTC] PHP Warning:  file_get_contents(): Failed to enable crypto in /var/www/vhosts/novalsystems.com/httpdocs/stars/scrape_2.php on line 11
[11-Feb-2023 21:04:23 UTC] PHP Warning:  file_get_contents(https://api.text2reach.com/sms/prices?api_key=9056A029EB94FAE7A3E42C26B40D0243): Failed to open stream: operation failed in /var/www/vhosts/novalsystems.com/httpdocs/stars/scrape_2.php on line 11
[11-Feb-2023 21:04:36 UTC] PHP Warning:  file_get_contents(): SSL operation failed with code 1. OpenSSL Error messages:
error:14090086:SSL routines:ssl3_get_server_certificate:certificate verify failed in /var/www/vhosts/novalsystems.com/httpdocs/stars/scrape_2.php on line 11
[11-Feb-2023 21:04:36 UTC] PHP Warning:  file_get_contents(): Failed to enable crypto in /var/www/vhosts/novalsystems.com/httpdocs/stars/scrape_2.php on line 11
[11-Feb-2023 21:04:36 UTC] PHP Warning:  file_get_contents(https://api.text2reach.com/sms/prices?api_key=9056A029EB94FAE7A3E42C26B40D0243): Failed to open stream: operation failed in /var/www/vhosts/novalsystems.com/httpdocs/stars/scrape_2.php on line 11
[11-Feb-2023 21:04:48 UTC] PHP Warning:  file_get_contents(): SSL operation failed with code 1. OpenSSL Error messages:
error:14090086:SSL routines:ssl3_get_server_certificate:certificate verify failed in /var/www/vhosts/novalsystems.com/httpdocs/stars/scrape_2.php on line 11
[11-Feb-2023 21:04:48 UTC] PHP Warning:  file_get_contents(): Failed to enable crypto in /var/www/vhosts/novalsystems.com/httpdocs/stars/scrape_2.php on line 11
[11-Feb-2023 21:04:48 UTC] PHP Warning:  file_get_contents(https://api.text2reach.com/sms/prices?api_key=9056A029EB94FAE7A3E42C26B40D0243): Failed to open stream: operation failed in /var/www/vhosts/novalsystems.com/httpdocs/stars/scrape_2.php on line 11
[13-Feb-2023 18:44:14 UTC] PHP Warning:  Array to string conversion in /var/www/vhosts/novalsystems.com/httpdocs/stars/scrape_2.php on line 19
